

times in msec
 clock   self+sourced   self:  sourced script
 clock   elapsed:              other lines

000.006  000.006: --- NVIM STARTING ---
000.095  000.089: event init
000.145  000.050: early init
000.170  000.025: locale set
000.190  000.020: init first window
000.345  000.155: inits 1
000.355  000.009: window checked
000.356  000.002: parsing arguments
000.632  000.028  000.028: require('vim.shared')
000.694  000.024  000.024: require('vim._meta')
000.695  000.062  000.038: require('vim._editor')
000.696  000.119  000.029: require('vim._init_packages')
000.697  000.222: init lua interpreter
000.737  000.040: expanding arguments
000.756  000.018: inits 2
000.907  000.151: init highlight
000.908  000.001: waiting for UI
001.222  000.315: done waiting for UI
001.244  000.022: clear screen
001.335  000.090: init default mappings & autocommands
002.194  000.034  000.034: sourcing /usr/share/nvim/runtime/ftplugin.vim
002.368  000.015  000.015: sourcing /usr/share/nvim/runtime/indent.vim
002.419  000.006  000.006: sourcing /usr/share/nvim/archlinux.vim
002.421  000.018  000.012: sourcing /etc/xdg/nvim/sysinit.vim
003.840  000.143  000.143: require('packer.util')
003.866  000.713  000.571: require('packer')
004.353  000.138  000.138: require('packer.log')
004.355  000.247  000.109: require('packer.async')
004.571  000.078  000.078: require('packer.result')
004.574  000.218  000.140: require('packer.jobs')
004.577  000.692  000.227: require('packer.plugin_utils')
004.729  000.146  000.146: require('packer.snapshot')
004.957  002.518  000.967: require('snuffop.packer')
005.819  000.033  000.033: require('dracula.palette')
005.822  000.125  000.092: require('dracula')
006.069  000.246  000.246: require('vim.version')
007.615  000.530  000.530: require('dracula.groups')
008.077  002.389  001.488: sourcing /home/marty/.local/share/nvim/site/pack/packer/start/dracula.nvim/colors/dracula.lua
008.099  003.140  000.752: require('snuffop.options')
008.161  000.005  000.005: require('vim.keymap')
008.653  000.551  000.547: require('snuffop.keymaps')
008.655  006.225  000.015: sourcing /home/marty/.config/nvim/init.lua
008.662  001.035: sourcing vimrc file(s)
008.864  000.131  000.131: sourcing /home/marty/.local/share/nvim/site/pack/packer/start/chezmoi.vim/filetype.vim
009.412  000.040  000.040: sourcing /home/marty/.local/share/nvim/site/pack/packer/start/ansible-vim/ftdetect/ansible.vim
009.715  000.010  000.010: sourcing /home/marty/.local/share/nvim/site/pack/packer/start/vim-fugitive/ftdetect/fugitive.vim
009.819  000.066  000.066: sourcing /home/marty/.local/share/nvim/site/pack/packer/start/vim-go/ftdetect/gofiletype.vim
009.893  000.034  000.034: sourcing /home/marty/.local/share/nvim/site/pack/packer/start/vim-markdown/ftdetect/markdown.vim
010.243  000.192  000.192: sourcing /home/marty/.config/nvim/after/ftdetect/langjinja.vim
010.273  000.013  000.013: sourcing /home/marty/.config/nvim/after/ftdetect/logfile.vim
010.299  000.015  000.015: sourcing /home/marty/.config/nvim/after/ftdetect/mail.vim
010.334  000.024  000.024: sourcing /home/marty/.config/nvim/after/ftdetect/nagios.vim
010.368  000.022  000.022: sourcing /home/marty/.config/nvim/after/ftdetect/neomuttrc.vim
010.396  000.015  000.015: sourcing /home/marty/.config/nvim/after/ftdetect/networkd.vim
010.453  000.046  000.046: sourcing /home/marty/.config/nvim/after/ftdetect/systemd.vim
010.490  000.024  000.024: sourcing /home/marty/.config/nvim/after/ftdetect/todo.vim
010.536  000.029  000.029: sourcing /home/marty/.config/nvim/after/ftdetect/yaml.vim
010.588  000.009  000.009: sourcing /usr/share/vim/vimfiles/ftdetect/PKGBUILD.vim
010.606  000.007  000.007: sourcing /usr/share/vim/vimfiles/ftdetect/SRCINFO.vim
011.046  001.809  001.263: sourcing /usr/share/nvim/runtime/filetype.lua
011.311  000.042  000.042: sourcing /usr/share/nvim/runtime/syntax/synload.vim
011.383  000.264  000.223: sourcing /usr/share/nvim/runtime/syntax/syntax.vim
012.191  000.083  000.083: sourcing /usr/share/nvim/runtime/plugin/gzip.vim
012.207  000.006  000.006: sourcing /usr/share/nvim/runtime/plugin/health.vim
012.462  000.089  000.089: sourcing /usr/share/nvim/runtime/pack/dist/opt/matchit/plugin/matchit.vim
012.513  000.274  000.186: sourcing /usr/share/nvim/runtime/plugin/matchit.vim
012.596  000.075  000.075: sourcing /usr/share/nvim/runtime/plugin/matchparen.vim
012.791  000.183  000.183: sourcing /usr/share/nvim/runtime/plugin/netrwPlugin.vim
012.824  000.016  000.016: sourcing /usr/share/nvim/runtime/plugin/nvim-web-devicons.vim
012.915  000.005  000.005: sourcing /home/marty/.local/share/nvim/rplugin.vim
012.919  000.083  000.078: sourcing /usr/share/nvim/runtime/plugin/rplugin.vim
012.963  000.033  000.033: sourcing /usr/share/nvim/runtime/plugin/shada.vim
012.988  000.011  000.011: sourcing /usr/share/nvim/runtime/plugin/spellfile.vim
013.056  000.057  000.057: sourcing /usr/share/nvim/runtime/plugin/tarPlugin.vim
013.118  000.046  000.046: sourcing /usr/share/nvim/runtime/plugin/tohtml.vim
013.138  000.008  000.008: sourcing /usr/share/nvim/runtime/plugin/tutor.vim
013.232  000.083  000.083: sourcing /usr/share/nvim/runtime/plugin/zipPlugin.vim
014.748  000.033  000.033: sourcing /usr/share/nvim/runtime/autoload/provider/pythonx.vim
034.935  000.114  000.114: sourcing /usr/share/nvim/runtime/autoload/remote/host.vim
034.998  020.437  020.289: sourcing /usr/share/nvim/runtime/autoload/provider/python3.vim
035.058  021.776  001.339: sourcing /usr/share/vim/vimfiles/plugin/black.vim
036.664  001.261  001.261: require('orgmode')
038.222  000.120  000.120: require('vim.treesitter.language')
038.230  000.394  000.275: require('vim.treesitter.query')
038.350  000.119  000.119: require('vim.treesitter._range')
038.354  000.831  000.317: require('vim.treesitter.languagetree')
038.359  001.088  000.257: require('vim.treesitter')
038.362  001.159  000.071: require('orgmode.treesitter.compat')
039.868  001.304  001.304: require('nvim-treesitter.parsers')
040.000  000.130  000.130: require('nvim-treesitter.utils')
040.005  001.642  000.209: require('nvim-treesitter.ts_utils')
040.186  000.181  000.181: require('orgmode.utils.promise')
040.203  003.288  000.307: require('orgmode.utils')
040.311  000.108  000.108: require('orgmode.config.defaults')
040.634  000.174  000.174: require('orgmode.config.mappings.map_entry')
040.967  000.655  000.480: require('orgmode.config.mappings')
041.015  004.315  000.264: require('orgmode.config')
041.093  000.004  000.004: require('vim.F')
043.235  000.058  000.058: require('nvim-treesitter.compat')
043.341  000.104  000.104: require('nvim-treesitter.tsrange')
043.407  000.064  000.064: require('nvim-treesitter.caching')
043.420  000.419  000.193: require('nvim-treesitter.query')
043.429  000.637  000.217: require('nvim-treesitter.configs')
043.430  000.752  000.116: require('nvim-treesitter.info')
043.587  000.156  000.156: require('nvim-treesitter.shell_command_selectors')
043.602  001.255  000.347: require('nvim-treesitter.install')
043.672  000.069  000.069: require('nvim-treesitter.statusline')
043.806  000.132  000.132: require('nvim-treesitter.query_predicates')
043.807  002.638  001.182: require('nvim-treesitter')
043.991  002.844  000.206: sourcing /home/marty/.local/share/nvim/site/pack/packer/start/nvim-treesitter/plugin/nvim-treesitter.lua
044.831  000.650  000.650: require('vim.filetype')
044.835  000.666  000.015: sourcing /home/marty/.local/share/nvim/site/pack/packer/opt/neorg/ftdetect/norg.lua
044.871  009.770  000.681: sourcing /home/marty/.config/nvim/plugin/packer_compiled.lua
045.022  000.036  000.036: sourcing /usr/share/nvim/runtime/plugin/editorconfig.lua
045.078  000.044  000.044: sourcing /usr/share/nvim/runtime/plugin/man.lua
045.116  000.026  000.026: sourcing /usr/share/nvim/runtime/plugin/nvim.lua
045.143  001.667: loading rtp plugins
046.711  000.037  000.037: require('Comment.config')
047.099  000.236  000.236: require('Comment.ft')
047.105  000.392  000.156: require('Comment.utils')
047.234  000.127  000.127: require('Comment.opfunc')
047.291  000.056  000.056: require('Comment.extra')
047.297  001.753  001.140: require('Comment.api')
047.483  001.966  000.212: sourcing /home/marty/.local/share/nvim/site/pack/packer/start/Comment.nvim/plugin/Comment.lua
047.818  000.035  000.035: require('hypersonic.tables')
047.861  000.041  000.041: require('hypersonic.utils')
047.863  000.142  000.066: require('hypersonic.merge')
047.936  000.072  000.072: require('hypersonic.explain')
048.006  000.069  000.069: require('hypersonic.split')
048.020  000.013  000.013: require('hypersonic.config')
048.023  000.464  000.168: require('hypersonic')
048.026  000.481  000.017: sourcing /home/marty/.local/share/nvim/site/pack/packer/start/Hypersonic.nvim/plugin/hypersonic.lua
048.088  000.016  000.016: sourcing /home/marty/.local/share/nvim/site/pack/packer/start/LuaSnip/plugin/luasnip.vim
048.460  000.022  000.022: require('luasnip.util.types')
048.516  000.054  000.054: require('luasnip.util.ext_opts')
048.789  000.023  000.023: require('luasnip.session')
049.018  000.227  000.227: require('luasnip-jsregexp')
049.023  000.468  000.218: require('luasnip.util.util')
049.024  000.506  000.039: require('luasnip.extras.filetype_functions')
049.110  000.801  000.219: require('luasnip.config')
049.516  000.025  000.025: require('luasnip.session.snippet_collection.source')
049.520  000.134  000.109: require('luasnip.session.snippet_collection')
049.802  000.214  000.214: require('luasnip.util._builtin_vars')
049.840  000.036  000.036: require('vim.inspect')
049.871  000.350  000.100: require('luasnip.util.environ')
049.911  000.039  000.039: require('luasnip.util.extend_decorator')
050.007  000.025  000.025: require('luasnip.loaders._caches')
050.153  000.067  000.067: require('luasnip.util.path')
050.156  000.147  000.080: require('luasnip.loaders.util')
050.168  000.255  000.083: require('luasnip.loaders')
050.246  000.075  000.075: require('luasnip.util.log')
050.253  001.135  000.282: require('luasnip')
050.313  002.190  000.254: sourcing /home/marty/.local/share/nvim/site/pack/packer/start/LuaSnip/plugin/luasnip.lua
051.083  000.249  000.249: require('indent_blankline/utils')
051.085  000.534  000.284: require('indent_blankline')
051.221  000.057  000.057: require('indent_blankline.commands')
051.262  000.747  000.157: sourcing /home/marty/.local/share/nvim/site/pack/packer/start/indent-blankline.nvim/plugin/indent_blankline.vim
051.347  000.012  000.012: sourcing /home/marty/.local/share/nvim/site/pack/packer/start/lsp-zero.nvim/plugin/lsp-zero.vim
051.601  000.082  000.082: require('cmp.utils.api')
051.696  000.050  000.050: require('cmp.types.cmp')
051.923  000.120  000.120: require('cmp.utils.misc')
051.932  000.235  000.115: require('cmp.types.lsp')
051.975  000.042  000.042: require('cmp.types.vim')
051.976  000.374  000.047: require('cmp.types')
052.032  000.055  000.055: require('cmp.utils.highlight')
052.140  000.047  000.047: require('cmp.utils.debug')
052.147  000.114  000.067: require('cmp.utils.autocmd')
052.276  000.801  000.177: sourcing /home/marty/.local/share/nvim/site/pack/packer/start/nvim-cmp/plugin/cmp.lua
053.641  000.150  000.150: require('vim.lsp.log')
054.040  000.396  000.396: require('vim.lsp.protocol')
055.073  000.268  000.268: require('vim.lsp._snippet')
055.207  000.132  000.132: require('vim.highlight')
055.220  001.178  000.778: require('vim.lsp.util')
055.229  002.049  000.325: require('vim.lsp.handlers')
055.593  000.362  000.362: require('vim.lsp.rpc')
055.779  000.185  000.185: require('vim.lsp.sync')
056.102  000.321  000.321: require('vim.lsp.semantic_tokens')
056.473  000.369  000.369: require('vim.lsp.buf')
056.648  000.173  000.173: require('vim.lsp.diagnostic')
056.860  000.211  000.211: require('vim.lsp.codelens')
056.901  004.487  000.818: require('vim.lsp')
057.465  005.130  000.643: sourcing /home/marty/.local/share/nvim/site/pack/packer/start/nvim-lspconfig/plugin/lspconfig.lua
057.628  000.023  000.023: sourcing /home/marty/.local/share/nvim/site/pack/packer/start/nvim-treesitter/plugin/nvim-treesitter.lua
057.746  000.077  000.077: require('ts_context_commentstring')
057.799  000.135  000.059: sourcing /home/marty/.local/share/nvim/site/pack/packer/start/nvim-ts-context-commentstring/plugin/ts_context_commentstring.vim
057.872  000.008  000.008: sourcing /home/marty/.local/share/nvim/site/pack/packer/start/nvim-web-devicons/plugin/nvim-web-devicons.vim
057.937  000.007  000.007: sourcing /home/marty/.local/share/nvim/site/pack/packer/start/orgmode/plugin/orgmode.vim
058.005  000.015  000.015: sourcing /home/marty/.local/share/nvim/site/pack/packer/start/plenary.nvim/plugin/plenary.vim
058.161  000.091  000.091: sourcing /home/marty/.local/share/nvim/site/pack/packer/start/tabular/plugin/Tabular.vim
058.507  000.191  000.191: sourcing /home/marty/.local/share/nvim/site/pack/packer/start/telescope.nvim/plugin/telescope.lua
058.593  000.032  000.032: sourcing /home/marty/.local/share/nvim/site/pack/packer/start/trouble.nvim/plugin/trouble.vim
058.711  000.070  000.070: sourcing /home/marty/.local/share/nvim/site/pack/packer/start/undotree/plugin/undotree.vim
058.791  000.030  000.030: sourcing /home/marty/.local/share/nvim/site/pack/packer/start/vim-bbye/plugin/bbye.vim
059.337  000.494  000.494: sourcing /home/marty/.local/share/nvim/site/pack/packer/start/vim-fugitive/plugin/fugitive.vim
059.720  000.182  000.182: sourcing /home/marty/.local/share/nvim/site/pack/packer/start/vim-go/autoload/go/config.vim
060.100  000.165  000.165: sourcing /home/marty/.local/share/nvim/site/pack/packer/start/vim-go/autoload/go/util.vim
060.115  000.722  000.375: sourcing /home/marty/.local/share/nvim/site/pack/packer/start/vim-go/plugin/go.vim
060.457  000.276  000.276: sourcing /home/marty/.local/share/nvim/site/pack/packer/start/vim-table-mode/plugin/table-mode.vim
060.598  000.080  000.080: sourcing /home/marty/.local/share/nvim/site/pack/packer/start/vim-tmux-navigator/plugin/tmux_navigator.vim
061.239  000.588  000.588: sourcing /home/marty/.local/share/nvim/site/pack/packer/start/vim-wakatime/plugin/wakatime.vim
061.303  000.006  000.006: sourcing /home/marty/.local/share/nvim/site/pack/packer/start/which-key.nvim/plugin/which-key.vim
061.369  002.115: loading packages
061.533  000.018  000.018: sourcing /home/marty/.local/share/nvim/site/pack/packer/start/rnvimr/after/plugin/rnvimr.vim
061.797  000.094  000.094: sourcing /home/marty/.local/share/nvim/site/pack/packer/start/tabular/autoload/tabular.vim
062.685  001.121  001.027: sourcing /home/marty/.local/share/nvim/site/pack/packer/start/tabular/after/plugin/TabularMaps.vim
063.777  000.152  000.152: require('cmp.utils.char')
063.788  000.390  000.239: require('cmp.utils.str')
064.235  000.055  000.055: require('cmp.utils.buffer')
064.245  000.312  000.257: require('cmp.utils.keymap')
064.259  000.469  000.158: require('cmp.utils.feedkeys')
065.006  000.189  000.189: require('cmp.config.mapping')
065.081  000.073  000.073: require('cmp.utils.cache')
065.336  000.137  000.137: require('cmp.config.compare')
065.338  000.253  000.115: require('cmp.config.default')
065.345  000.818  000.303: require('cmp.config')
065.353  001.093  000.275: require('cmp.utils.async')
065.486  000.052  000.052: require('cmp.utils.pattern')
065.488  000.134  000.082: require('cmp.context')
066.051  000.126  000.126: require('cmp.matcher')
066.055  000.394  000.268: require('cmp.entry')
066.062  000.572  000.179: require('cmp.source')
066.243  000.057  000.057: require('cmp.utils.event')
066.551  000.050  000.050: require('cmp.utils.options')
066.554  000.211  000.161: require('cmp.utils.window')
066.556  000.311  000.100: require('cmp.view.docs_view')
066.801  000.244  000.244: require('cmp.view.custom_entries_view')
066.960  000.158  000.158: require('cmp.view.wildmenu_entries_view')
067.076  000.114  000.114: require('cmp.view.native_entries_view')
067.196  000.118  000.118: require('cmp.view.ghost_text_view')
067.205  001.142  000.139: require('cmp.view')
067.542  004.461  000.659: require('cmp.core')
067.663  000.056  000.056: require('cmp.config.sources')
067.718  000.052  000.052: require('cmp.config.window')
067.744  004.881  000.313: require('cmp')
067.993  000.032  000.032: require('cmp_buffer.timer')
067.995  000.161  000.129: require('cmp_buffer.buffer')
068.008  000.239  000.079: require('cmp_buffer.source')
068.009  000.264  000.025: require('cmp_buffer')
068.020  005.169  000.024: sourcing /home/marty/.local/share/nvim/site/pack/packer/start/cmp-buffer/after/plugin/cmp_buffer.lua
068.189  000.122  000.122: require('cmp_cmdline')
068.199  000.139  000.017: sourcing /home/marty/.local/share/nvim/site/pack/packer/start/cmp-cmdline/after/plugin/cmp_cmdline.lua
068.396  000.069  000.069: require('cmp_nvim_lsp.source')
068.398  000.147  000.078: require('cmp_nvim_lsp')
068.411  000.167  000.020: sourcing /home/marty/.local/share/nvim/site/pack/packer/start/cmp-nvim-lsp/after/plugin/cmp_nvim_lsp.lua
068.517  000.064  000.064: require('cmp_nvim_lua')
068.529  000.083  000.019: sourcing /home/marty/.local/share/nvim/site/pack/packer/start/cmp-nvim-lua/after/plugin/cmp_nvim_lua.lua
068.699  000.129  000.129: require('cmp_path')
068.708  000.145  000.017: sourcing /home/marty/.local/share/nvim/site/pack/packer/start/cmp-path/after/plugin/cmp_path.lua
068.854  000.096  000.096: require('cmp_luasnip')
068.875  000.131  000.036: sourcing /home/marty/.local/share/nvim/site/pack/packer/start/cmp_luasnip/after/plugin/cmp_luasnip.lua
069.108  000.077  000.077: require('obsidian.completion')
069.859  000.154  000.154: require('plenary.bit')
069.939  000.078  000.078: require('plenary.functional')
069.952  000.008  000.008: require('ffi')
069.960  000.627  000.387: require('plenary.path')
070.025  000.064  000.064: require('obsidian.echo')
070.095  000.068  000.068: require('obsidian.config')
071.026  000.277  000.277: require('plenary.scandir')
071.031  000.491  000.215: require('obsidian.util')
071.037  000.761  000.270: require('obsidian.yaml')
071.040  000.944  000.184: require('obsidian.note')
071.043  001.933  000.230: require('obsidian')
071.045  002.118  000.108: require('cmp_obsidian')
071.055  002.137  000.019: sourcing /home/marty/.local/share/nvim/site/pack/packer/start/obsidian.nvim/after/plugin/cmp_obsidian.lua
071.181  000.103  000.103: require('cmp_obsidian_new')
071.189  000.120  000.017: sourcing /home/marty/.local/share/nvim/site/pack/packer/start/obsidian.nvim/after/plugin/cmp_obsidian_new.lua
071.780  000.304  000.304: require('alpha')
071.834  000.052  000.052: require('alpha.themes.dashboard')
071.857  000.400  000.044: sourcing /home/marty/.config/nvim/after/plugin/alpha.lua
071.923  000.051  000.051: sourcing /home/marty/.config/nvim/after/plugin/autocommands.lua
072.281  000.047  000.047: require('nvim-autopairs._log')
072.391  000.108  000.108: require('nvim-autopairs.utils')
072.718  000.153  000.153: require('nvim-autopairs.conds')
072.722  000.259  000.105: require('nvim-autopairs.rule')
072.724  000.331  000.073: require('nvim-autopairs.rules.basic')
072.728  000.772  000.285: require('nvim-autopairs')
072.944  000.140  000.140: require('nvim-autopairs.fastwrap')
073.191  000.107  000.107: require('nvim-autopairs.ts-conds')
073.193  000.164  000.058: require('nvim-autopairs.rules.ts_basic')
073.388  000.194  000.194: require('vim.treesitter.highlighter')
073.709  000.075  000.075: require('nvim-autopairs.completion.handlers')
073.713  000.159  000.084: require('nvim-autopairs.completion.cmp')
073.718  001.782  000.353: sourcing /home/marty/.config/nvim/after/plugin/autopairs.lua
073.923  000.022  000.022: require('bufferline.lazy')
074.054  000.126  000.126: require('bufferline.commands')
074.318  000.251  000.251: require('bufferline.config')
074.320  000.540  000.140: require('bufferline')
074.448  000.123  000.123: require('bufferline.utils')
075.284  000.321  000.321: require('bufferline.groups')
075.330  000.035  000.035: require('bufferline.constants')
075.390  000.057  000.057: require('bufferline.colors')
075.734  000.107  000.107: require('bufferline.highlights')
076.561  000.454  000.454: require('bufferline.hover')
076.991  000.345  000.345: require('bufferline.ui')
077.016  003.283  001.302: sourcing /home/marty/.config/nvim/after/plugin/bufferline.lua
077.556  000.214  000.214: require('luasnip.util.jsonc')
077.570  000.470  000.256: require('luasnip/loaders/from_vscode')
080.059  000.020  000.020: require('luasnip.nodes.key_indexer')
080.063  000.100  000.081: require('luasnip.nodes.util')
080.088  000.024  000.024: require('luasnip.util.events')
080.096  000.324  000.200: require('luasnip.nodes.node')
080.230  000.133  000.133: require('luasnip.nodes.insertNode')
080.285  000.053  000.053: require('luasnip.nodes.textNode')
080.375  000.088  000.088: require('luasnip.util.mark')
080.434  000.057  000.057: require('luasnip.util.pattern_tokenizer')
080.472  000.037  000.037: require('luasnip.util.dict')
080.525  000.052  000.052: require('luasnip.nodes.util.trig_engines')
080.549  001.199  000.454: require('luasnip.nodes.snippet')
080.554  001.252  000.053: require('luasnip.nodes.duplicate')
081.023  000.075  000.075: require('luasnip.util.parser.neovim_ast')
081.088  000.063  000.063: require('luasnip.util.str')
081.146  000.055  000.055: require('luasnip.util.directed_graph')
081.150  000.342  000.149: require('luasnip.util.parser.ast_utils')
081.232  000.080  000.080: require('luasnip.nodes.functionNode')
081.417  000.184  000.184: require('luasnip.nodes.choiceNode')
081.573  000.154  000.154: require('luasnip.nodes.dynamicNode')
081.609  000.035  000.035: require('luasnip.util.functions')
081.613  000.937  000.143: require('luasnip.util.parser.ast_parser')
081.825  000.210  000.210: require('luasnip.util.parser.neovim_parser')
081.830  001.219  000.071: require('luasnip.util.parser')
081.833  001.271  000.052: require('luasnip.nodes.snippetProxy')
081.889  000.056  000.056: require('luasnip.nodes.multiSnippet')
084.922  007.890  004.842: sourcing /home/marty/.config/nvim/after/plugin/cmp.lua
085.002  000.042  000.042: require('Comment')
085.033  000.094  000.052: sourcing /home/marty/.config/nvim/after/plugin/comment.lua
085.061  000.016  000.016: sourcing /home/marty/.config/nvim/after/plugin/dracula.lua
085.132  000.061  000.061: sourcing /home/marty/.config/nvim/after/plugin/fugitive.lua
085.350  000.081  000.081: require('gitsigns.async')
085.548  000.032  000.032: require('gitsigns.message')
085.553  000.202  000.170: require('gitsigns.config')
085.619  000.065  000.065: require('gitsigns.debug.log')
085.622  000.453  000.105: require('gitsigns')
086.650  000.101  000.101: require('trouble.config')
086.654  000.267  000.166: require('trouble.util')
086.745  000.091  000.091: require('trouble.providers.qf')
086.847  000.100  000.100: require('trouble.providers.telescope')
086.953  000.104  000.104: require('trouble.providers.lsp')
087.041  000.087  000.087: require('trouble.providers.diagnostic')
087.043  000.767  000.118: require('trouble.providers')
087.129  000.086  000.086: require('trouble.text')
087.215  000.085  000.085: require('trouble.folds')
087.217  001.071  000.133: require('trouble.renderer')
087.224  001.333  000.262: require('trouble.view')
087.308  000.084  000.084: require('trouble.colors')
087.951  000.624  000.624: require('vim.diagnostic')
087.970  002.281  000.241: require('trouble')
088.070  002.924  000.190: sourcing /home/marty/.config/nvim/after/plugin/gitsigns.lua
088.696  000.251  000.251: require('plenary.job')
088.699  000.308  000.057: require('harpoon.utils')
088.900  000.153  000.153: require('plenary.log')
088.910  000.211  000.058: require('harpoon.dev')
089.006  000.744  000.225: require('harpoon')
089.012  000.918  000.175: require('harpoon.mark')
089.655  000.130  000.130: require('plenary.strings')
089.658  000.294  000.164: require('plenary.window.border')
089.726  000.067  000.067: require('plenary.window')
089.789  000.062  000.062: require('plenary.popup.utils')
089.792  000.646  000.222: require('plenary.popup')
089.794  000.781  000.135: require('harpoon.ui')
089.795  001.710  000.011: sourcing /home/marty/.config/nvim/after/plugin/harpoon.lua
089.821  000.013  000.013: sourcing /home/marty/.config/nvim/after/plugin/hypersonic.lua
113.490  023.652  023.652: require('impatient')
113.758  000.261  000.261: require('impatient.profile')
113.769  023.937  000.025: sourcing /home/marty/.config/nvim/after/plugin/impatient.lua
114.054  000.218  000.218: sourcing /home/marty/.config/nvim/after/plugin/indentline.lua
114.342  000.098  000.098: require('lsp-zero.presets')
114.559  000.106  000.106: require('lsp-zero.settings')
114.569  000.223  000.116: require('lsp-zero.server')
114.581  000.462  000.141: require('lsp-zero')
114.804  000.070  000.070: require('lsp-zero.installer')
114.965  000.078  000.078: require('mason-core.path')
115.135  000.111  000.111: require('mason-core.functional')
115.346  000.073  000.073: require('mason-core.functional.data')
115.359  000.210  000.137: require('mason-core.functional.function')
115.443  000.069  000.069: require('mason-core.functional.relation')
115.559  000.087  000.087: require('mason-core.functional.logic')
115.577  000.607  000.130: require('mason-core.platform')
115.652  000.056  000.056: require('mason.settings')
115.657  000.849  000.108: require('mason')
115.864  000.103  000.103: require('mason-core.log')
115.914  000.045  000.045: require('mason-lspconfig.settings')
115.918  000.258  000.110: require('mason-lspconfig')
116.338  000.069  000.069: require('lsp-zero.nvim-cmp-setup')
116.875  000.079  000.079: require('luasnip.loaders.from_vscode')
121.517  005.118  005.039: require('lsp-zero.snippets')
125.977  000.070  000.070: require('mason-core.functional.list')
126.038  000.054  000.054: require('mason-core.functional.string')
126.066  000.246  000.121: require('mason.api.command')
126.127  000.054  000.054: require('mason-registry.sources')
126.520  000.042  000.042: require('mason-lspconfig.notify')
126.527  000.101  000.059: require('mason-lspconfig.lspconfig_hook')
126.693  000.164  000.164: require('lspconfig.util')
126.874  000.059  000.059: require('mason-core.functional.table')
126.923  000.226  000.167: require('mason-lspconfig.mappings.server')
127.084  000.074  000.074: require('mason-core.EventEmitter')
127.138  000.049  000.049: require('mason-core.optional')
127.256  000.058  000.058: require('mason-core.async')
127.301  000.040  000.040: require('mason-core.async.uv')
127.314  000.172  000.074: require('mason-core.fs')
127.336  000.410  000.114: require('mason-registry')
127.390  000.047  000.047: require('mason-lspconfig.server_config_extensions')
127.453  000.061  000.061: require('lspconfig.configs')
127.521  000.065  000.065: require('lspconfig.server_configurations.omnisharp')
127.913  000.051  000.051: require('mason-core.functional.number')
127.938  000.143  000.092: require('mason-lspconfig.api.command')
128.033  000.042  000.042: require('lsp-zero.utils')
128.040  000.098  000.056: require('lsp-zero.state')
128.533  000.050  000.050: require('lspconfig')
128.600  000.061  000.061: require('lspconfig.server_configurations.html')
129.606  000.056  000.056: require('lspconfig.server_configurations.vimls')
130.179  000.053  000.053: require('lspconfig.server_configurations.cssmodules_ls')
131.216  000.551  000.551: require('lspconfig.server_configurations.stylelint_lsp')
131.790  000.056  000.056: require('lspconfig.server_configurations.ruff_lsp')
132.329  000.058  000.058: require('lspconfig.server_configurations.terraformls')
132.794  000.051  000.051: require('lspconfig.server_configurations.tsserver')
134.806  001.569  001.569: require('lspconfig.server_configurations.awk_ls')
135.407  000.057  000.057: require('lspconfig.server_configurations.grammarly')
136.024  000.055  000.055: require('lspconfig.server_configurations.ansiblels')
136.536  000.062  000.062: require('lspconfig.server_configurations.pyright')
137.152  000.068  000.068: require('lspconfig.server_configurations.jsonls')
137.760  000.074  000.074: require('lspconfig.server_configurations.gopls')
138.237  000.058  000.058: require('lspconfig.server_configurations.yamlls')
138.722  000.052  000.052: require('lspconfig.server_configurations.bashls')
139.302  000.134  000.134: require('lspconfig.server_configurations.rust_analyzer')
139.825  000.056  000.056: require('lspconfig.server_configurations.marksman')
140.281  000.053  000.053: require('lspconfig.server_configurations.pylsp')
140.564  000.046  000.046: require('mason-core.result')
140.754  000.054  000.054: require('mason-core.receipt')
140.972  000.162  000.162: require('mason-core.process')
141.006  000.248  000.086: require('mason-core.spawn')
141.027  000.397  000.095: require('mason-core.installer.context')
141.080  000.048  000.048: require('mason-core.async.control')
141.144  000.061  000.061: require('mason-core.installer.linker')
141.150  000.582  000.077: require('mason-core.installer')
141.209  000.055  000.055: require('mason-core.providers')
141.227  000.781  000.097: require('mason-core.managers.pip3')
141.231  000.846  000.065: require('mason-lspconfig.server_configurations.pylsp')
141.623  000.058  000.058: require('lspconfig.server_configurations.lua_ls')
142.145  000.056  000.056: require('lspconfig.server_configurations.luau_lsp')
142.827  000.056  000.056: require('mason-lspconfig.ensure_installed')
143.117  000.146  000.146: require('mason-core.purl')
143.136  000.236  000.090: require('mason-core.package')
143.245  000.052  000.052: require('mason-core.managers.powershell')
143.289  000.040  000.040: require('mason.version')
143.292  000.154  000.061: require('mason-core.fetch')
143.504  000.077  000.077: require('mason-core.installer.registry.expr')
143.519  000.159  000.082: require('mason-core.installer.registry.link')
143.662  000.088  000.088: require('mason-core.installer.managers.std')
143.665  000.143  000.055: require('mason-core.installer.registry.schemas')
143.720  000.052  000.052: require('mason-core.installer.registry.util')
143.728  000.431  000.077: require('mason-core.installer.registry')
143.740  000.901  000.081: require('mason-registry.sources.github')
147.946  033.861  020.332: sourcing /home/marty/.config/nvim/after/plugin/lsp.lua
148.201  000.053  000.053: require('lualine_require')
148.481  000.447  000.394: require('lualine')
152.413  000.043  000.043: require('lualine.utils.mode')
152.538  000.036  000.036: require('lualine.extensions.nerdtree')
153.036  005.050  004.525: sourcing /home/marty/.config/nvim/after/plugin/lualine.lua
155.869  002.809  002.809: sourcing /home/marty/.config/nvim/after/plugin/luasnip.lua
155.969  000.025  000.025: require('neorg.callbacks')
156.030  000.031  000.031: require('neorg.external.log')
156.091  000.027  000.027: require('neorg.modules.base')
156.095  000.063  000.036: require('neorg.modules')
156.587  000.490  000.490: require('neorg.external.helpers')
156.591  000.619  000.035: require('neorg.events')
156.704  000.111  000.111: require('neorg.config')
156.707  000.799  000.044: require('neorg')
165.325  008.547  008.547: require('neorg.modules.core.completion.module')
165.412  000.075  000.075: require('neorg.modules.core.integrations.treesitter.module')
165.493  000.073  000.073: require('neorg.modules.core.highlights.module')
165.622  000.114  000.114: require('neorg.modules.core.autocommands.module')
166.585  000.046  000.046: require('neorg.modules.core.mode.module')
166.928  000.048  000.048: require('neorg.modules.core.keybinds.keybinds')
166.950  000.347  000.300: require('neorg.modules.core.keybinds.module')
167.008  000.045  000.045: require('neorg.modules.core.neorgcmd.module')
167.073  000.040  000.040: require('neorg.modules.core.neorgcmd.commands.module.list.module')
167.389  000.045  000.045: require('neorg.modules.core.ui.selection_popup')
167.654  000.036  000.036: require('neorg.modules.core.ui.text_popup')
167.664  000.587  000.506: require('neorg.modules.core.ui.module')
167.755  000.038  000.038: require('neorg.modules.core.neorgcmd.commands.module.load.module')
167.795  000.032  000.032: require('neorg.modules.core.neorgcmd.commands.return.module')
167.948  000.041  000.041: require('neorg.modules.core.integrations.nvim-cmp.module')
168.056  000.068  000.068: require('neorg.modules.core.export.markdown.module')
168.105  000.039  000.039: require('neorg.modules.core.export.module')
168.176  000.061  000.061: require('neorg.modules.core.dirman.module')
168.225  000.037  000.037: require('neorg.modules.core.storage.module')
168.371  000.040  000.040: require('neorg.modules.core.summary.module')
168.457  000.046  000.046: require('neorg.modules.core.manoeuvre.module')
168.828  000.032  000.032: require('neorg.modules.core.concealer.preset_basic')
169.069  000.033  000.033: require('neorg.modules.core.concealer.preset_varied')
169.336  000.039  000.039: require('neorg.modules.core.concealer.preset_diamond')
169.375  000.889  000.785: require('neorg.modules.core.concealer.module')
169.473  000.034  000.034: require('neorg.modules.core.defaults.module')
169.542  000.034  000.034: require('neorg.modules.core.clipboard.module')
169.582  000.030  000.030: require('neorg.modules.core.clipboard.code-blocks.module')
169.650  000.060  000.060: require('neorg.modules.core.esupports.hop.module')
169.710  000.039  000.039: require('neorg.modules.core.dirman.utils.module')
169.760  000.039  000.039: require('neorg.modules.core.esupports.indent.module')
171.584  001.806  001.806: require('neorg.modules.core.esupports.metagen.module')
171.656  000.037  000.037: require('neorg.modules.core.itero.module')
171.729  000.045  000.045: require('neorg.modules.core.journal.module')
171.802  000.037  000.037: require('neorg.modules.core.looking-glass.module')
171.850  000.029  000.029: require('neorg.modules.core.pivot.module')
171.904  000.038  000.038: require('neorg.modules.core.promo.module')
171.959  000.037  000.037: require('neorg.modules.core.qol.toc.module')
172.014  000.038  000.038: require('neorg.modules.core.qol.todo_items.module')
172.119  000.036  000.036: require('neorg.modules.core.tangle.module')
172.173  000.044  000.044: require('neorg.modules.core.upgrade.module')
172.207  000.030  000.030: require('neorg.modules.core.fs.module')
172.278  000.027  000.027: require('telescope._extensions.neorg.find_linkable')
172.426  000.025  000.025: require('telescope._extensions')
172.428  000.059  000.034: require('telescope')
172.547  000.021  000.021: require('plenary.tbl')
172.549  000.045  000.025: require('plenary.vararg.rotate')
172.550  000.069  000.023: require('plenary.vararg')
172.574  000.022  000.022: require('plenary.errors')
172.577  000.122  000.031: require('plenary.async.async')
172.675  000.023  000.023: require('plenary.async.structs')
172.679  000.052  000.030: require('plenary.async.control')
172.682  000.082  000.029: require('plenary.async.util')
172.684  000.104  000.023: require('plenary.async.tests')
172.685  000.255  000.029: require('plenary.async')
172.836  000.022  000.022: require('telescope.deprecated')
172.916  000.038  000.038: require('telescope.log')
172.981  000.023  000.023: require('telescope.state')
172.987  000.069  000.046: require('telescope.utils')
172.991  000.153  000.046: require('telescope.sorters')
173.907  001.134  000.960: require('telescope.config')
173.949  000.037  000.037: require('telescope.pickers.scroller')
173.980  000.028  000.028: require('telescope.actions.state')
174.009  000.027  000.027: require('telescope.actions.utils')
174.071  000.028  000.028: require('telescope.actions.mt')
174.087  000.076  000.049: require('telescope.actions.set')
174.145  000.029  000.029: require('telescope.config.resolve')
174.147  000.058  000.029: require('telescope.pickers.entry_display')
174.171  000.023  000.023: require('telescope.from_entry')
174.280  001.593  000.209: require('telescope.actions')
174.312  000.029  000.029: require('telescope.debounce')
174.366  000.052  000.052: require('telescope.mappings')
174.398  000.029  000.029: require('telescope.pickers.highlights')
174.425  000.025  000.025: require('telescope.pickers.window')
174.479  000.026  000.026: require('telescope.algos.linked_list')
174.481  000.055  000.029: require('telescope.entry_manager')
174.507  000.023  000.023: require('telescope.pickers.multi')
174.519  002.213  000.093: require('telescope.pickers')
174.627  000.079  000.079: require('telescope.make_entry')
174.656  000.026  000.026: require('telescope.finders.async_static_finder')
174.732  000.021  000.021: require('plenary.class')
174.741  000.058  000.037: require('telescope._')
174.752  000.094  000.036: require('telescope.finders.async_oneshot_finder')
174.780  000.026  000.026: require('telescope.finders.async_job_finder')
174.783  000.262  000.036: require('telescope.finders')
174.785  002.505  000.030: require('telescope._extensions.neorg.find_norg_files')
174.823  000.036  000.036: require('telescope._extensions.neorg.insert_link')
174.854  000.029  000.029: require('telescope._extensions.neorg.insert_file_link')
174.913  000.027  000.027: require('telescope.themes')
174.917  000.061  000.034: require('telescope._extensions.neorg.search_headings')
175.025  000.025  000.025: require('telescope.previewers.previewer')
175.082  000.056  000.056: require('telescope.previewers.term_previewer')
175.186  000.031  000.031: require('telescope.previewers.utils')
175.216  000.131  000.100: require('telescope.previewers.buffer_previewer')
175.218  000.244  000.032: require('telescope.previewers')
175.223  000.276  000.033: require('neorg.telescope_utils')
175.227  000.308  000.032: require('telescope._extensions.neorg.find_project_tasks')
175.264  000.036  000.036: require('telescope._extensions.neorg.find_context_tasks')
175.300  000.033  000.033: require('telescope._extensions.neorg.find_aof_tasks')
175.335  000.034  000.034: require('telescope._extensions.neorg.find_aof_project_tasks')
175.378  000.033  000.033: require('telescope._extensions.neorg.switch_workspace')
175.379  003.160  000.058: require('neorg.modules.core.integrations.telescope.module')
175.416  000.030  000.030: require('telescope._extensions.neorg')
175.522  019.634  002.067: sourcing /home/marty/.config/nvim/after/plugin/neorg.lua
175.609  000.023  000.023: require('noice.util.lazy')
175.612  000.055  000.032: require('noice')
175.679  000.029  000.029: require('vim.health')
175.734  000.042  000.042: require('noice.config')
175.805  000.028  000.028: require('noice.util.call')
175.808  000.073  000.045: require('noice.util')
175.810  000.194  000.051: require('noice.health')
175.941  000.024  000.024: require('notify.util.queue')
175.942  000.054  000.030: require('notify.util')
176.013  000.070  000.070: require('notify.config.highlights')
176.016  000.166  000.043: require('notify.config')
176.069  000.023  000.023: require('notify.stages')
176.102  000.031  000.031: require('notify.service.notification')
176.180  000.022  000.022: require('notify.animate.spring')
176.182  000.044  000.022: require('notify.animate')
176.185  000.081  000.037: require('notify.windows')
176.268  000.028  000.028: require('notify.service.buffer.highlights')
176.270  000.059  000.031: require('notify.service.buffer')
176.271  000.085  000.026: require('notify.service')
176.302  000.029  000.029: require('notify.stages.util')
176.303  000.285  000.037: require('notify.instance')
176.307  000.483  000.031: require('notify')
176.345  000.028  000.028: require('notify.stages.fade_in_slide_out')
176.406  000.038  000.038: require('telescope._extensions.notify')
176.415  000.874  000.076: sourcing /home/marty/.config/nvim/after/plugin/noice.lua
176.670  000.024  000.024: require('nvim-tree.notify')
176.673  000.052  000.028: require('nvim-tree.events')
176.755  000.023  000.023: require('nvim-tree.log')
176.814  000.024  000.024: require('nvim-tree.iterators.node-iterator')
176.834  000.078  000.053: require('nvim-tree.utils')
176.899  000.063  000.063: require('nvim-tree.git.utils')
176.932  000.031  000.031: require('nvim-tree.git.runner')
176.965  000.031  000.031: require('nvim-tree.watcher')
176.993  000.026  000.026: require('nvim-tree.explorer.node')
176.997  000.297  000.045: require('nvim-tree.git')
177.025  000.026  000.026: require('nvim-tree.explorer.watch')
177.079  000.025  000.025: require('nvim-tree.explorer.node-builders')
177.109  000.027  000.027: require('nvim-tree.explorer.sorters')
177.143  000.033  000.033: require('nvim-tree.explorer.filters')
177.225  000.047  000.047: require('nvim-tree.view')
177.229  000.084  000.037: require('nvim-tree.live-filter')
177.231  000.204  000.034: require('nvim-tree.explorer.explore')
177.273  000.032  000.032: require('nvim-tree.explorer.reload')
177.276  000.602  000.043: require('nvim-tree.explorer')
177.279  000.678  000.025: require('nvim-tree.core')
177.317  000.037  000.037: require('nvim-tree.diagnostics')
177.370  000.023  000.023: require('nvim-tree.modified')
177.372  000.052  000.029: require('nvim-tree.renderer.components.modified')
177.399  000.026  000.026: require('nvim-tree.renderer.components.padding')
177.426  000.025  000.025: require('nvim-tree.renderer.components.icons')
177.455  000.028  000.028: require('nvim-tree.renderer.components.full-name')
177.488  000.031  000.031: require('nvim-tree.renderer.components.git')
177.528  000.038  000.038: require('nvim-tree.renderer.builder')
177.557  000.027  000.027: require('nvim-tree.marks')
177.561  000.989  000.047: require('nvim-tree.renderer')
177.564  001.038  000.049: require('nvim-tree.lib')
177.595  000.029  000.029: require('nvim-tree.colors')
177.764  000.026  000.026: require('nvim-tree.actions.finders.find-file')
177.766  000.053  000.027: require('nvim-tree.actions.tree.open')
177.791  000.024  000.024: require('nvim-tree.actions.tree.toggle')
177.820  000.025  000.025: require('nvim-tree.actions.reloaders.reloaders')
177.845  000.023  000.023: require('nvim-tree.actions.root.dir-up')
177.872  000.025  000.025: require('nvim-tree.actions.tree.find-file')
177.899  000.025  000.025: require('nvim-tree.actions.finders.search-node')
177.927  000.026  000.026: require('nvim-tree.actions.tree-modifiers.collapse-all')
177.959  000.028  000.028: require('nvim-tree.actions.tree-modifiers.expand-all')
177.987  000.026  000.026: require('nvim-tree.actions.tree-modifiers.toggles')
178.046  000.025  000.025: require('nvim-tree.keymap')
178.048  000.056  000.031: require('nvim-tree.help')
178.079  000.028  000.028: require('nvim-tree.actions.fs.create-file')
178.108  000.028  000.028: require('nvim-tree.actions.fs.remove-file')
178.137  000.027  000.027: require('nvim-tree.actions.fs.trash')
178.167  000.028  000.028: require('nvim-tree.actions.fs.rename-file')
178.205  000.034  000.034: require('nvim-tree.actions.fs.copy-paste')
178.239  000.026  000.026: require('nvim-tree.actions.node.file-popup')
178.266  000.023  000.023: require('nvim-tree.actions.node.run-command')
178.295  000.027  000.027: require('nvim-tree.actions.node.system-open')
178.328  000.031  000.031: require('nvim-tree.actions.moves.sibling')
178.355  000.024  000.024: require('nvim-tree.actions.moves.parent')
178.382  000.024  000.024: require('nvim-tree.actions.moves.item')
178.417  000.025  000.025: require('nvim-tree.marks.bulk-delete')
178.443  000.025  000.025: require('nvim-tree.marks.bulk-move')
178.505  000.034  000.034: require('nvim-tree.actions.node.open-file')
178.508  000.063  000.029: require('nvim-tree.marks.navigation')
178.511  000.830  000.107: require('nvim-tree.api')
178.525  000.897  000.067: require('nvim-tree.keymap-legacy')
178.530  000.933  000.036: require('nvim-tree.commands')
178.560  000.028  000.028: require('nvim-tree.actions.root.change-dir')
178.586  000.025  000.025: require('nvim-tree.legacy')
178.611  002.154  000.101: require('nvim-tree')
178.825  000.031  000.031: require('nvim-tree.actions')
179.114  000.153  000.153: require('nvim-web-devicons')
179.973  003.540  001.201: sourcing /home/marty/.config/nvim/after/plugin/nvim-tree.lua
180.036  000.011  000.011: require('vim.fs')
180.268  000.074  000.074: require('obsidian.command')
180.320  000.326  000.241: sourcing /home/marty/.config/nvim/after/plugin/obsidian.lua
180.665  000.033  000.033: require('nvim-treesitter.highlight')
180.729  000.393  000.360: sourcing /home/marty/.config/nvim/after/plugin/orgmode.lua
180.811  000.028  000.028: require('project_nvim.config')
180.868  000.027  000.027: require('project_nvim.utils.path')
180.877  000.063  000.036: require('project_nvim.utils.history')
180.878  000.121  000.031: require('project_nvim')
180.914  000.027  000.027: require('project_nvim.utils.globtopattern')
180.996  000.035  000.035: require('project_nvim.project')
181.131  000.053  000.053: require('telescope.builtin')
181.137  000.095  000.042: require('telescope._extensions.projects')
181.139  000.395  000.116: sourcing /home/marty/.config/nvim/after/plugin/project.lua
181.383  000.228  000.228: sourcing /home/marty/.config/nvim/after/plugin/ranger.lua
239.045  056.987  056.987: require('telescope._extensions.packer.plugin_list')
239.075  057.062  000.076: require('telescope._extensions.packer')
239.156  000.070  000.070: require('telescope._extensions.env')
239.315  000.045  000.045: require('telescope._extensions.file_browser.utils')
239.351  000.154  000.109: require('telescope._extensions.file_browser.actions')
239.470  000.036  000.036: require('telescope._extensions.file_browser.git')
239.509  000.036  000.036: require('telescope._extensions.file_browser.fs_stat')
239.513  000.118  000.046: require('telescope._extensions.file_browser.make_entry')
239.537  000.184  000.067: require('telescope._extensions.file_browser.finders')
239.572  000.032  000.032: require('telescope._extensions.file_browser.picker')
239.616  000.042  000.042: require('telescope._extensions.file_browser.config')
239.617  000.456  000.043: require('telescope._extensions.file_browser')
239.695  000.031  000.031: require('telescope._extensions.find_pickers.main')
239.696  000.068  000.037: require('telescope._extensions.find_pickers')
241.580  001.849  001.849: require('telescope-glyph')
241.585  001.886  000.037: require('telescope._extensions.glyph')
241.636  000.046  000.046: require('telescope._extensions.luasnip')
241.682  000.043  000.043: require('telescope._extensions.media_files')
241.766  000.024  000.024: require('telescope._extensions.zoxide.utils')
241.768  000.056  000.032: require('telescope._extensions.zoxide.config')
241.803  000.032  000.032: require('telescope._extensions.zoxide.list')
241.804  000.118  000.030: require('telescope._extensions.zoxide')
242.256  060.859  001.110: sourcing /home/marty/.config/nvim/after/plugin/telescope.lua
242.411  000.026  000.026: require('toggleterm.lazy')
242.438  000.024  000.024: require('toggleterm.constants')
242.548  000.107  000.107: require('toggleterm.terminal')
242.554  000.228  000.071: require('toggleterm')
242.657  000.057  000.057: require('toggleterm.colors')
242.696  000.036  000.036: require('toggleterm.utils')
242.700  000.141  000.048: require('toggleterm.config')
243.642  000.072  000.072: require('toggleterm.commandline')
243.814  001.520  001.080: sourcing /home/marty/.config/nvim/after/plugin/toggleterm.lua
246.249  002.408  002.408: sourcing /home/marty/.config/nvim/after/plugin/treesitter.lua
246.390  000.123  000.123: sourcing /home/marty/.config/nvim/after/plugin/trouble.lua
246.634  000.045  000.045: require('which-key.util')
246.637  000.076  000.031: require('which-key.tree')
246.754  000.115  000.115: require('which-key.config')
246.761  000.244  000.053: require('which-key.keys')
246.764  000.291  000.047: require('which-key')
246.940  000.534  000.243: sourcing /home/marty/.config/nvim/after/plugin/whichkey.lua
246.943  001.409: loading after plugins
246.953  000.010: inits 3
248.730  001.777: reading ShaDa
248.914  000.061  000.061: require('luasnip.loaders.from_lua')
249.047  000.094  000.094: require('luasnip.loaders.from_snipmate')
249.522  000.075  000.075: require('nvim-treesitter.indent')
249.764  000.060  000.060: require('nvim-treesitter.locals')
249.974  000.954: opening buffers
252.717  000.181  000.181: require('bufferline.state')
252.872  002.716: BufEnter autocommands
252.875  000.003: editing files in windows
252.977  000.065  000.065: require('mason-core.terminator')
259.704  000.071  000.071: require('mason-core.functional.type')
265.867  000.085  000.085: require('gitsigns.cache')
266.218  000.177  000.177: require('gitsigns.util')
266.293  000.071  000.071: require('gitsigns.subprocess')
266.410  000.114  000.114: require('gitsigns.hunks')
266.456  000.582  000.220: require('gitsigns.git')


times in msec
 clock   self+sourced   self:  sourced script
 clock   elapsed:              other lines

000.007  000.007: --- NVIM STARTING ---
000.107  000.100: event init
000.160  000.053: early init
000.195  000.035: locale set
000.219  000.024: init first window
000.407  000.189: inits 1
000.414  000.006: window checked
000.416  000.003: parsing arguments
000.738  000.043  000.043: require('vim.shared')
000.821  000.030  000.030: require('vim._meta')
000.823  000.080  000.050: require('vim._editor')
000.825  000.167  000.044: require('vim._init_packages')
000.827  000.244: init lua interpreter
001.281  000.454: expanding arguments
001.318  000.038: inits 2
001.490  000.172: init highlight


times in msec
 clock   self+sourced   self:  sourced script
 clock   elapsed:              other lines

000.003  000.003: --- NVIM STARTING ---
000.067  000.063: event init
000.098  000.031: early init
000.116  000.018: locale set
000.130  000.014: init first window
000.250  000.120: inits 1
000.257  000.007: window checked
000.259  000.001: parsing arguments
000.496  000.035  000.035: require('vim.shared')
000.559  000.025  000.025: require('vim._meta')
000.560  000.061  000.036: require('vim._editor')
000.561  000.126  000.030: require('vim._init_packages')
000.562  000.178: init lua interpreter
000.599  000.037: expanding arguments
000.617  000.018: inits 2
000.755  000.137: init highlight
000.755  000.001: waiting for UI
001.047  000.292: done waiting for UI
001.067  000.020: clear screen
001.146  000.078: init default mappings & autocommands
001.990  000.035  000.035: sourcing /usr/share/nvim/runtime/ftplugin.vim
002.210  000.056  000.056: sourcing /usr/share/nvim/runtime/indent.vim
002.266  000.007  000.007: sourcing /usr/share/nvim/archlinux.vim
002.268  000.020  000.013: sourcing /etc/xdg/nvim/sysinit.vim
003.691  000.141  000.141: require('packer.util')
003.712  000.689  000.547: require('packer')
004.238  000.182  000.182: require('packer.log')
004.245  000.306  000.124: require('packer.async')
004.481  000.080  000.080: require('packer.result')
004.483  000.237  000.157: require('packer.jobs')
004.486  000.761  000.217: require('packer.plugin_utils')
004.631  000.140  000.140: require('packer.snapshot')
004.853  002.563  000.974: require('snuffop.packer')
005.717  000.033  000.033: require('dracula.palette')
005.721  000.119  000.087: require('dracula')
005.960  000.237  000.237: require('vim.version')
007.365  000.430  000.430: require('dracula.groups')
007.644  002.051  001.264: sourcing /home/marty/.local/share/nvim/site/pack/packer/start/dracula.nvim/colors/dracula.lua
007.659  002.804  000.753: require('snuffop.options')
007.707  000.004  000.004: require('vim.keymap')
007.952  000.292  000.288: require('snuffop.keymaps')
007.954  005.675  000.016: sourcing /home/marty/.config/nvim/init.lua
007.958  001.027: sourcing vimrc file(s)
008.089  000.084  000.084: sourcing /home/marty/.local/share/nvim/site/pack/packer/start/chezmoi.vim/filetype.vim
008.428  000.025  000.025: sourcing /home/marty/.local/share/nvim/site/pack/packer/start/ansible-vim/ftdetect/ansible.vim
008.602  000.004  000.004: sourcing /home/marty/.local/share/nvim/site/pack/packer/start/vim-fugitive/ftdetect/fugitive.vim
008.656  000.036  000.036: sourcing /home/marty/.local/share/nvim/site/pack/packer/start/vim-go/ftdetect/gofiletype.vim
008.695  000.019  000.019: sourcing /home/marty/.local/share/nvim/site/pack/packer/start/vim-markdown/ftdetect/markdown.vim
008.886  000.100  000.100: sourcing /home/marty/.config/nvim/after/ftdetect/langjinja.vim
008.900  000.007  000.007: sourcing /home/marty/.config/nvim/after/ftdetect/logfile.vim
008.916  000.009  000.009: sourcing /home/marty/.config/nvim/after/ftdetect/mail.vim
008.935  000.014  000.014: sourcing /home/marty/.config/nvim/after/ftdetect/nagios.vim
008.953  000.012  000.012: sourcing /home/marty/.config/nvim/after/ftdetect/neomuttrc.vim
008.967  000.008  000.008: sourcing /home/marty/.config/nvim/after/ftdetect/networkd.vim
008.997  000.024  000.024: sourcing /home/marty/.config/nvim/after/ftdetect/systemd.vim
009.015  000.012  000.012: sourcing /home/marty/.config/nvim/after/ftdetect/todo.vim
009.037  000.017  000.017: sourcing /home/marty/.config/nvim/after/ftdetect/yaml.vim
009.068  000.005  000.005: sourcing /usr/share/vim/vimfiles/ftdetect/PKGBUILD.vim
009.077  000.004  000.004: sourcing /usr/share/vim/vimfiles/ftdetect/SRCINFO.vim
009.330  001.015  000.719: sourcing /usr/share/nvim/runtime/filetype.lua
009.595  000.040  000.040: sourcing /usr/share/nvim/runtime/syntax/synload.vim
009.672  000.272  000.232: sourcing /usr/share/nvim/runtime/syntax/syntax.vim
010.481  000.085  000.085: sourcing /usr/share/nvim/runtime/plugin/gzip.vim
010.498  000.006  000.006: sourcing /usr/share/nvim/runtime/plugin/health.vim
010.752  000.087  000.087: sourcing /usr/share/nvim/runtime/pack/dist/opt/matchit/plugin/matchit.vim
010.802  000.273  000.186: sourcing /usr/share/nvim/runtime/plugin/matchit.vim
010.885  000.075  000.075: sourcing /usr/share/nvim/runtime/plugin/matchparen.vim
011.086  000.189  000.189: sourcing /usr/share/nvim/runtime/plugin/netrwPlugin.vim
011.120  000.017  000.017: sourcing /usr/share/nvim/runtime/plugin/nvim-web-devicons.vim
011.210  000.004  000.004: sourcing /home/marty/.local/share/nvim/rplugin.vim
011.214  000.083  000.078: sourcing /usr/share/nvim/runtime/plugin/rplugin.vim
011.257  000.034  000.034: sourcing /usr/share/nvim/runtime/plugin/shada.vim
011.283  000.011  000.011: sourcing /usr/share/nvim/runtime/plugin/spellfile.vim
011.350  000.056  000.056: sourcing /usr/share/nvim/runtime/plugin/tarPlugin.vim
011.411  000.044  000.044: sourcing /usr/share/nvim/runtime/plugin/tohtml.vim
011.431  000.008  000.008: sourcing /usr/share/nvim/runtime/plugin/tutor.vim
011.523  000.082  000.082: sourcing /usr/share/nvim/runtime/plugin/zipPlugin.vim
012.983  000.032  000.032: sourcing /usr/share/nvim/runtime/autoload/provider/pythonx.vim
032.133  000.117  000.117: sourcing /usr/share/nvim/runtime/autoload/remote/host.vim
032.197  019.394  019.244: sourcing /usr/share/nvim/runtime/autoload/provider/python3.vim
032.260  020.688  001.294: sourcing /usr/share/vim/vimfiles/plugin/black.vim
033.997  001.297  001.297: require('orgmode')
035.550  000.117  000.117: require('vim.treesitter.language')
035.558  000.388  000.272: require('vim.treesitter.query')
035.705  000.146  000.146: require('vim.treesitter._range')
035.716  000.869  000.334: require('vim.treesitter.languagetree')
035.727  001.123  000.255: require('vim.treesitter')
035.734  001.198  000.075: require('orgmode.treesitter.compat')
037.061  001.077  001.077: require('nvim-treesitter.parsers')
037.188  000.125  000.125: require('nvim-treesitter.utils')
037.193  001.458  000.257: require('nvim-treesitter.ts_utils')
037.371  000.178  000.178: require('orgmode.utils.promise')
037.393  003.139  000.305: require('orgmode.utils')
037.502  000.108  000.108: require('orgmode.config.defaults')
037.738  000.092  000.092: require('orgmode.config.mappings.map_entry')
038.047  000.544  000.452: require('orgmode.config.mappings')
038.092  004.047  000.255: require('orgmode.config')
038.160  000.003  000.003: require('vim.F')
040.272  000.059  000.059: require('nvim-treesitter.compat')
040.380  000.105  000.105: require('nvim-treesitter.tsrange')
040.447  000.066  000.066: require('nvim-treesitter.caching')
040.454  000.417  000.187: require('nvim-treesitter.query')
040.463  000.641  000.224: require('nvim-treesitter.configs')
040.465  000.758  000.117: require('nvim-treesitter.info')
040.619  000.154  000.154: require('nvim-treesitter.shell_command_selectors')
040.633  001.254  000.342: require('nvim-treesitter.install')
040.703  000.068  000.068: require('nvim-treesitter.statusline')
040.834  000.129  000.129: require('nvim-treesitter.query_predicates')
040.835  002.603  001.152: require('nvim-treesitter')
040.957  002.747  000.144: sourcing /home/marty/.local/share/nvim/site/pack/packer/start/nvim-treesitter/plugin/nvim-treesitter.lua
041.807  000.659  000.659: require('vim.filetype')
041.810  000.672  000.013: sourcing /home/marty/.local/share/nvim/site/pack/packer/opt/neorg/ftdetect/norg.lua
041.847  009.534  000.768: sourcing /home/marty/.config/nvim/plugin/packer_compiled.lua
042.001  000.037  000.037: sourcing /usr/share/nvim/runtime/plugin/editorconfig.lua
042.052  000.039  000.039: sourcing /usr/share/nvim/runtime/plugin/man.lua
042.091  000.027  000.027: sourcing /usr/share/nvim/runtime/plugin/nvim.lua
042.121  001.505: loading rtp plugins
043.671  000.035  000.035: require('Comment.config')
043.985  000.158  000.158: require('Comment.ft')
043.991  000.318  000.160: require('Comment.utils')
044.117  000.124  000.124: require('Comment.opfunc')
044.189  000.071  000.071: require('Comment.extra')
044.194  001.677  001.129: require('Comment.api')
044.354  001.864  000.186: sourcing /home/marty/.local/share/nvim/site/pack/packer/start/Comment.nvim/plugin/Comment.lua
044.783  000.052  000.052: require('hypersonic.tables')
044.834  000.048  000.048: require('hypersonic.utils')
044.835  000.198  000.098: require('hypersonic.merge')
044.909  000.073  000.073: require('hypersonic.explain')
044.980  000.070  000.070: require('hypersonic.split')
044.995  000.014  000.014: require('hypersonic.config')
044.998  000.537  000.182: require('hypersonic')
045.001  000.557  000.020: sourcing /home/marty/.local/share/nvim/site/pack/packer/start/Hypersonic.nvim/plugin/hypersonic.lua
045.063  000.016  000.016: sourcing /home/marty/.local/share/nvim/site/pack/packer/start/LuaSnip/plugin/luasnip.vim
045.425  000.022  000.022: require('luasnip.util.types')
045.480  000.053  000.053: require('luasnip.util.ext_opts')
045.755  000.023  000.023: require('luasnip.session')
045.991  000.235  000.235: require('luasnip-jsregexp')
045.995  000.478  000.221: require('luasnip.util.util')
045.997  000.516  000.038: require('luasnip.extras.filetype_functions')
046.090  000.819  000.228: require('luasnip.config')
046.497  000.026  000.026: require('luasnip.session.snippet_collection.source')
046.501  000.134  000.109: require('luasnip.session.snippet_collection')
046.751  000.183  000.183: require('luasnip.util._builtin_vars')
046.775  000.021  000.021: require('vim.inspect')
046.794  000.291  000.087: require('luasnip.util.environ')
046.833  000.039  000.039: require('luasnip.util.extend_decorator')
046.931  000.025  000.025: require('luasnip.loaders._caches')
047.079  000.068  000.068: require('luasnip.util.path')
047.082  000.149  000.081: require('luasnip.loaders.util')
047.094  000.260  000.086: require('luasnip.loaders')
047.172  000.075  000.075: require('luasnip.util.log')
047.179  001.082  000.283: require('luasnip')
047.237  002.139  000.239: sourcing /home/marty/.local/share/nvim/site/pack/packer/start/LuaSnip/plugin/luasnip.lua
048.016  000.251  000.251: require('indent_blankline/utils')
048.019  000.545  000.294: require('indent_blankline')
048.187  000.058  000.058: require('indent_blankline.commands')
048.230  000.797  000.193: sourcing /home/marty/.local/share/nvim/site/pack/packer/start/indent-blankline.nvim/plugin/indent_blankline.vim
048.314  000.012  000.012: sourcing /home/marty/.local/share/nvim/site/pack/packer/start/lsp-zero.nvim/plugin/lsp-zero.vim
048.567  000.082  000.082: require('cmp.utils.api')
048.662  000.050  000.050: require('cmp.types.cmp')
048.867  000.108  000.108: require('cmp.utils.misc')
048.874  000.211  000.103: require('cmp.types.lsp')
048.915  000.040  000.040: require('cmp.types.vim')
048.916  000.348  000.047: require('cmp.types')
048.969  000.052  000.052: require('cmp.utils.highlight')
049.072  000.046  000.046: require('cmp.utils.debug')
049.079  000.110  000.064: require('cmp.utils.autocmd')
049.203  000.761  000.171: sourcing /home/marty/.local/share/nvim/site/pack/packer/start/nvim-cmp/plugin/cmp.lua
050.556  000.152  000.152: require('vim.lsp.log')
050.915  000.357  000.357: require('vim.lsp.protocol')
051.964  000.255  000.255: require('vim.lsp._snippet')
052.090  000.124  000.124: require('vim.highlight')
052.103  001.186  000.807: require('vim.lsp.util')
052.111  002.014  000.319: require('vim.lsp.handlers')
052.449  000.337  000.337: require('vim.lsp.rpc')
052.646  000.195  000.195: require('vim.lsp.sync')
052.997  000.350  000.350: require('vim.lsp.semantic_tokens')
053.380  000.381  000.381: require('vim.lsp.buf')
053.569  000.187  000.187: require('vim.lsp.diagnostic')
053.784  000.214  000.214: require('vim.lsp.codelens')
053.832  004.493  000.816: require('vim.lsp')
054.616  005.354  000.861: sourcing /home/marty/.local/share/nvim/site/pack/packer/start/nvim-lspconfig/plugin/lspconfig.lua
054.786  000.023  000.023: sourcing /home/marty/.local/share/nvim/site/pack/packer/start/nvim-treesitter/plugin/nvim-treesitter.lua
054.905  000.077  000.077: require('ts_context_commentstring')
054.929  000.107  000.030: sourcing /home/marty/.local/share/nvim/site/pack/packer/start/nvim-ts-context-commentstring/plugin/ts_context_commentstring.vim
055.004  000.008  000.008: sourcing /home/marty/.local/share/nvim/site/pack/packer/start/nvim-web-devicons/plugin/nvim-web-devicons.vim
055.067  000.007  000.007: sourcing /home/marty/.local/share/nvim/site/pack/packer/start/orgmode/plugin/orgmode.vim
055.137  000.016  000.016: sourcing /home/marty/.local/share/nvim/site/pack/packer/start/plenary.nvim/plugin/plenary.vim
055.294  000.092  000.092: sourcing /home/marty/.local/share/nvim/site/pack/packer/start/tabular/plugin/Tabular.vim
055.643  000.192  000.192: sourcing /home/marty/.local/share/nvim/site/pack/packer/start/telescope.nvim/plugin/telescope.lua
055.726  000.032  000.032: sourcing /home/marty/.local/share/nvim/site/pack/packer/start/trouble.nvim/plugin/trouble.vim
055.849  000.073  000.073: sourcing /home/marty/.local/share/nvim/site/pack/packer/start/undotree/plugin/undotree.vim
055.927  000.030  000.030: sourcing /home/marty/.local/share/nvim/site/pack/packer/start/vim-bbye/plugin/bbye.vim
056.481  000.503  000.503: sourcing /home/marty/.local/share/nvim/site/pack/packer/start/vim-fugitive/plugin/fugitive.vim
056.871  000.180  000.180: sourcing /home/marty/.local/share/nvim/site/pack/packer/start/vim-go/autoload/go/config.vim
057.253  000.165  000.165: sourcing /home/marty/.local/share/nvim/site/pack/packer/start/vim-go/autoload/go/util.vim
057.268  000.731  000.387: sourcing /home/marty/.local/share/nvim/site/pack/packer/start/vim-go/plugin/go.vim
057.607  000.276  000.276: sourcing /home/marty/.local/share/nvim/site/pack/packer/start/vim-table-mode/plugin/table-mode.vim
057.743  000.083  000.083: sourcing /home/marty/.local/share/nvim/site/pack/packer/start/vim-tmux-navigator/plugin/tmux_navigator.vim
058.380  000.584  000.584: sourcing /home/marty/.local/share/nvim/site/pack/packer/start/vim-wakatime/plugin/wakatime.vim
058.442  000.005  000.005: sourcing /home/marty/.local/share/nvim/site/pack/packer/start/which-key.nvim/plugin/which-key.vim
058.509  002.126: loading packages
058.678  000.019  000.019: sourcing /home/marty/.local/share/nvim/site/pack/packer/start/rnvimr/after/plugin/rnvimr.vim
058.938  000.093  000.093: sourcing /home/marty/.local/share/nvim/site/pack/packer/start/tabular/autoload/tabular.vim
059.832  001.124  001.032: sourcing /home/marty/.local/share/nvim/site/pack/packer/start/tabular/after/plugin/TabularMaps.vim
060.746  000.100  000.100: require('cmp.utils.char')
060.751  000.214  000.114: require('cmp.utils.str')
061.086  000.079  000.079: require('cmp.utils.buffer')
061.093  000.260  000.181: require('cmp.utils.keymap')
061.097  000.345  000.085: require('cmp.utils.feedkeys')
061.555  000.122  000.122: require('cmp.config.mapping')
061.617  000.060  000.060: require('cmp.utils.cache')
061.851  000.147  000.147: require('cmp.config.compare')
061.852  000.233  000.085: require('cmp.config.default')
061.862  000.577  000.163: require('cmp.config')
061.870  000.773  000.196: require('cmp.utils.async')
062.061  000.102  000.102: require('cmp.utils.pattern')
062.068  000.197  000.095: require('cmp.context')
063.000  000.199  000.199: require('cmp.matcher')
063.004  000.634  000.435: require('cmp.entry')
063.009  000.940  000.306: require('cmp.source')
063.307  000.058  000.058: require('cmp.utils.event')
063.661  000.049  000.049: require('cmp.utils.options')
063.664  000.226  000.177: require('cmp.utils.window')
063.665  000.357  000.131: require('cmp.view.docs_view')
063.888  000.222  000.222: require('cmp.view.custom_entries_view')
064.032  000.143  000.143: require('cmp.view.wildmenu_entries_view')
064.139  000.106  000.106: require('cmp.view.native_entries_view')
064.241  000.101  000.101: require('cmp.view.ghost_text_view')
064.246  001.237  000.249: require('cmp.view')
064.753  004.530  000.825: require('cmp.core')
064.887  000.055  000.055: require('cmp.config.sources')
064.938  000.049  000.049: require('cmp.config.window')
064.965  004.959  000.324: require('cmp')
065.205  000.032  000.032: require('cmp_buffer.timer')
065.208  000.156  000.123: require('cmp_buffer.buffer')
065.220  000.231  000.075: require('cmp_buffer.source')
065.221  000.254  000.024: require('cmp_buffer')
065.232  005.235  000.022: sourcing /home/marty/.local/share/nvim/site/pack/packer/start/cmp-buffer/after/plugin/cmp_buffer.lua
065.400  000.120  000.120: require('cmp_cmdline')
065.411  000.139  000.019: sourcing /home/marty/.local/share/nvim/site/pack/packer/start/cmp-cmdline/after/plugin/cmp_cmdline.lua
065.601  000.068  000.068: require('cmp_nvim_lsp.source')
065.604  000.147  000.079: require('cmp_nvim_lsp')
065.616  000.166  000.019: sourcing /home/marty/.local/share/nvim/site/pack/packer/start/cmp-nvim-lsp/after/plugin/cmp_nvim_lsp.lua
065.719  000.061  000.061: require('cmp_nvim_lua')
065.732  000.082  000.020: sourcing /home/marty/.local/share/nvim/site/pack/packer/start/cmp-nvim-lua/after/plugin/cmp_nvim_lua.lua
065.895  000.123  000.123: require('cmp_path')
065.904  000.138  000.015: sourcing /home/marty/.local/share/nvim/site/pack/packer/start/cmp-path/after/plugin/cmp_path.lua
066.050  000.093  000.093: require('cmp_luasnip')
066.071  000.127  000.034: sourcing /home/marty/.local/share/nvim/site/pack/packer/start/cmp_luasnip/after/plugin/cmp_luasnip.lua
066.297  000.076  000.076: require('obsidian.completion')
067.019  000.148  000.148: require('plenary.bit')
067.098  000.077  000.077: require('plenary.functional')
067.112  000.007  000.007: require('ffi')
067.120  000.607  000.374: require('plenary.path')
067.186  000.065  000.065: require('obsidian.echo')
067.256  000.069  000.069: require('obsidian.config')
068.164  000.274  000.274: require('plenary.scandir')
068.169  000.490  000.217: require('obsidian.util')
068.175  000.749  000.258: require('obsidian.yaml')
068.179  000.922  000.173: require('obsidian.note')
068.181  001.883  000.221: require('obsidian')
068.183  002.062  000.102: require('cmp_obsidian')
068.193  002.080  000.018: sourcing /home/marty/.local/share/nvim/site/pack/packer/start/obsidian.nvim/after/plugin/cmp_obsidian.lua
068.322  000.102  000.102: require('cmp_obsidian_new')
068.330  000.121  000.019: sourcing /home/marty/.local/share/nvim/site/pack/packer/start/obsidian.nvim/after/plugin/cmp_obsidian_new.lua
068.931  000.309  000.309: require('alpha')
068.988  000.054  000.054: require('alpha.themes.dashboard')
069.011  000.409  000.046: sourcing /home/marty/.config/nvim/after/plugin/alpha.lua
069.079  000.053  000.053: sourcing /home/marty/.config/nvim/after/plugin/autocommands.lua
069.444  000.048  000.048: require('nvim-autopairs._log')
069.557  000.111  000.111: require('nvim-autopairs.utils')
069.892  000.147  000.147: require('nvim-autopairs.conds')
069.896  000.264  000.118: require('nvim-autopairs.rule')
069.897  000.339  000.075: require('nvim-autopairs.rules.basic')
069.902  000.788  000.289: require('nvim-autopairs')
070.148  000.137  000.137: require('nvim-autopairs.fastwrap')
070.380  000.099  000.099: require('nvim-autopairs.ts-conds')
070.382  000.155  000.056: require('nvim-autopairs.rules.ts_basic')
070.573  000.190  000.190: require('vim.treesitter.highlighter')
070.971  000.073  000.073: require('nvim-autopairs.completion.handlers')
070.975  000.155  000.081: require('nvim-autopairs.completion.cmp')
071.002  001.910  000.484: sourcing /home/marty/.config/nvim/after/plugin/autopairs.lua
071.195  000.023  000.023: require('bufferline.lazy')
071.319  000.121  000.121: require('bufferline.commands')
071.566  000.244  000.244: require('bufferline.config')
071.568  000.498  000.110: require('bufferline')
071.697  000.124  000.124: require('bufferline.utils')
072.632  000.342  000.342: require('bufferline.groups')
072.682  000.037  000.037: require('bufferline.constants')
072.742  000.058  000.058: require('bufferline.colors')
073.121  000.110  000.110: require('bufferline.highlights')
073.986  000.478  000.478: require('bufferline.hover')
074.397  000.312  000.312: require('bufferline.ui')
074.426  003.406  001.446: sourcing /home/marty/.config/nvim/after/plugin/bufferline.lua
074.870  000.196  000.196: require('luasnip.util.jsonc')
074.886  000.386  000.190: require('luasnip/loaders/from_vscode')
077.870  000.037  000.037: require('luasnip.nodes.key_indexer')
077.874  000.169  000.132: require('luasnip.nodes.util')
077.913  000.037  000.037: require('luasnip.util.events')
077.926  000.524  000.319: require('luasnip.nodes.node')
078.152  000.224  000.224: require('luasnip.nodes.insertNode')
078.230  000.076  000.076: require('luasnip.nodes.textNode')
078.370  000.137  000.137: require('luasnip.util.mark')
078.453  000.080  000.080: require('luasnip.util.pattern_tokenizer')
078.499  000.044  000.044: require('luasnip.util.dict')
078.559  000.058  000.058: require('luasnip.nodes.util.trig_engines')
078.595  001.804  000.661: require('luasnip.nodes.snippet')
078.600  001.874  000.070: require('luasnip.nodes.duplicate')
079.118  000.081  000.081: require('luasnip.util.parser.neovim_ast')
079.193  000.073  000.073: require('luasnip.util.str')
079.258  000.061  000.061: require('luasnip.util.directed_graph')
079.262  000.378  000.164: require('luasnip.util.parser.ast_utils')
079.356  000.092  000.092: require('luasnip.nodes.functionNode')
079.560  000.203  000.203: require('luasnip.nodes.choiceNode')
079.748  000.186  000.186: require('luasnip.nodes.dynamicNode')
079.792  000.042  000.042: require('luasnip.util.functions')
079.799  001.053  000.152: require('luasnip.util.parser.ast_parser')
080.034  000.234  000.234: require('luasnip.util.parser.neovim_parser')
080.041  001.366  000.079: require('luasnip.util.parser')
080.045  001.432  000.065: require('luasnip.nodes.snippetProxy')
080.110  000.064  000.064: require('luasnip.nodes.multiSnippet')
083.133  008.692  004.936: sourcing /home/marty/.config/nvim/after/plugin/cmp.lua
083.271  000.075  000.075: require('Comment')
083.349  000.197  000.122: sourcing /home/marty/.config/nvim/after/plugin/comment.lua
083.393  000.030  000.030: sourcing /home/marty/.config/nvim/after/plugin/dracula.lua
083.468  000.064  000.064: sourcing /home/marty/.config/nvim/after/plugin/fugitive.lua
083.859  000.172  000.172: require('gitsigns.async')
084.461  000.037  000.037: require('gitsigns.message')
084.503  000.643  000.606: require('gitsigns.config')
084.595  000.090  000.090: require('gitsigns.debug.log')
084.601  001.070  000.165: require('gitsigns')
085.781  000.104  000.104: require('trouble.config')
085.785  000.274  000.170: require('trouble.util')
085.880  000.094  000.094: require('trouble.providers.qf')
085.983  000.102  000.102: require('trouble.providers.telescope')
086.090  000.106  000.106: require('trouble.providers.lsp')
086.179  000.088  000.088: require('trouble.providers.diagnostic')
086.181  000.781  000.118: require('trouble.providers')
086.267  000.085  000.085: require('trouble.text')
086.345  000.077  000.077: require('trouble.folds')
086.346  001.081  000.138: require('trouble.renderer')
086.353  001.346  000.264: require('trouble.view')
086.437  000.083  000.083: require('trouble.colors')
087.155  000.697  000.697: require('vim.diagnostic')
087.178  002.408  000.283: require('trouble')
087.240  003.761  000.282: sourcing /home/marty/.config/nvim/after/plugin/gitsigns.lua
087.884  000.266  000.266: require('plenary.job')
087.886  000.323  000.057: require('harpoon.utils')
088.091  000.155  000.155: require('plenary.log')
088.107  000.220  000.065: require('harpoon.dev')
088.253  000.818  000.275: require('harpoon')
088.259  000.995  000.177: require('harpoon.mark')
088.875  000.132  000.132: require('plenary.strings')
088.878  000.292  000.160: require('plenary.window.border')
088.946  000.067  000.067: require('plenary.window')
089.010  000.063  000.063: require('plenary.popup.utils')
089.013  000.615  000.194: require('plenary.popup')
089.015  000.755  000.140: require('harpoon.ui')
089.016  001.761  000.011: sourcing /home/marty/.config/nvim/after/plugin/harpoon.lua
089.042  000.013  000.013: sourcing /home/marty/.config/nvim/after/plugin/hypersonic.lua
106.907  017.848  017.848: require('impatient')
107.197  000.282  000.282: require('impatient.profile')
107.203  018.150  000.021: sourcing /home/marty/.config/nvim/after/plugin/impatient.lua
107.464  000.208  000.208: sourcing /home/marty/.config/nvim/after/plugin/indentline.lua
107.620  000.043  000.043: require('lsp-zero.presets')
107.775  000.094  000.094: require('lsp-zero.settings')
107.779  000.156  000.062: require('lsp-zero.server')
107.785  000.276  000.077: require('lsp-zero')
108.015  000.065  000.065: require('lsp-zero.installer')
108.085  000.032  000.032: require('mason-core.path')
108.277  000.126  000.126: require('mason-core.functional')
108.505  000.140  000.140: require('mason-core.functional.data')
108.510  000.221  000.081: require('mason-core.functional.function')
108.592  000.059  000.059: require('mason-core.functional.relation')
108.701  000.099  000.099: require('mason-core.functional.logic')
108.768  000.682  000.176: require('mason-core.platform')
108.868  000.082  000.082: require('mason.settings')
108.870  000.852  000.056: require('mason')
109.017  000.069  000.069: require('mason-core.log')
109.065  000.045  000.045: require('mason-lspconfig.settings')
109.068  000.178  000.065: require('mason-lspconfig')
109.561  000.056  000.056: require('lsp-zero.nvim-cmp-setup')
110.141  000.070  000.070: require('luasnip.loaders.from_vscode')
113.020  003.358  003.288: require('lsp-zero.snippets')
115.673  000.040  000.040: require('mason-core.functional.list')
115.722  000.042  000.042: require('mason-core.functional.string')
115.739  000.163  000.081: require('mason.api.command')
115.774  000.031  000.031: require('mason-registry.sources')
116.020  000.028  000.028: require('mason-lspconfig.notify')
116.024  000.061  000.033: require('mason-lspconfig.lspconfig_hook')
116.120  000.095  000.095: require('lspconfig.util')
116.209  000.030  000.030: require('mason-core.functional.table')
116.245  000.122  000.092: require('mason-lspconfig.mappings.server')
116.333  000.042  000.042: require('mason-core.EventEmitter')
116.367  000.032  000.032: require('mason-core.optional')
116.438  000.039  000.039: require('mason-core.async')
116.478  000.039  000.039: require('mason-core.async.uv')
116.483  000.113  000.036: require('mason-core.fs')
116.498  000.250  000.064: require('mason-registry')
116.552  000.049  000.049: require('mason-lspconfig.server_config_extensions')
116.605  000.051  000.051: require('lspconfig.configs')
116.641  000.034  000.034: require('lspconfig.server_configurations.omnisharp')
116.930  000.040  000.040: require('mason-core.functional.number')
116.952  000.117  000.077: require('mason-lspconfig.api.command')
117.025  000.033  000.033: require('lsp-zero.utils')
117.030  000.076  000.042: require('lsp-zero.state')
117.439  000.047  000.047: require('lspconfig')
118.444  000.999  000.999: require('lspconfig.server_configurations.awk_ls')
119.054  000.035  000.035: require('lspconfig.server_configurations.pylsp')
119.275  000.039  000.039: require('mason-core.result')
119.395  000.033  000.033: require('mason-core.receipt')
119.547  000.119  000.119: require('mason-core.process')
119.577  000.181  000.062: require('mason-core.spawn')
119.611  000.293  000.079: require('mason-core.installer.context')
119.658  000.043  000.043: require('mason-core.async.control')
119.696  000.036  000.036: require('mason-core.installer.linker')
119.701  000.422  000.050: require('mason-core.installer')
119.728  000.026  000.026: require('mason-core.providers')
119.739  000.544  000.057: require('mason-core.managers.pip3')
119.741  000.583  000.039: require('mason-lspconfig.server_configurations.pylsp')
119.950  000.035  000.035: require('lspconfig.server_configurations.luau_lsp')
120.244  000.033  000.033: require('lspconfig.server_configurations.html')
120.632  000.035  000.035: require('lspconfig.server_configurations.ansiblels')
120.951  000.034  000.034: require('lspconfig.server_configurations.yamlls')
121.245  000.032  000.032: require('lspconfig.server_configurations.tsserver')
121.562  000.032  000.032: require('lspconfig.server_configurations.ruff_lsp')
121.848  000.034  000.034: require('lspconfig.server_configurations.jsonls')
122.152  000.043  000.043: require('lspconfig.server_configurations.lua_ls')
122.505  000.033  000.033: require('lspconfig.server_configurations.vimls')
122.800  000.029  000.029: require('lspconfig.server_configurations.cssmodules_ls')
123.087  000.031  000.031: require('lspconfig.server_configurations.grammarly')
123.404  000.032  000.032: require('lspconfig.server_configurations.gopls')
123.790  000.033  000.033: require('lspconfig.server_configurations.terraformls')
124.085  000.033  000.033: require('lspconfig.server_configurations.bashls')
124.349  000.034  000.034: require('lspconfig.server_configurations.pyright')
124.684  000.095  000.095: require('lspconfig.server_configurations.rust_analyzer')
125.258  000.308  000.308: require('lspconfig.server_configurations.stylelint_lsp')
125.548  000.032  000.032: require('lspconfig.server_configurations.marksman')
125.958  000.035  000.035: require('mason-lspconfig.ensure_installed')
126.132  000.087  000.087: require('mason-core.purl')
126.143  000.139  000.052: require('mason-core.package')
126.214  000.030  000.030: require('mason-core.managers.powershell')
126.236  000.021  000.021: require('mason.version')
126.238  000.093  000.042: require('mason-core.fetch')
126.357  000.041  000.041: require('mason-core.installer.registry.expr')
126.366  000.088  000.047: require('mason-core.installer.registry.link')
126.450  000.050  000.050: require('mason-core.installer.managers.std')
126.451  000.083  000.033: require('mason-core.installer.registry.schemas')
126.481  000.028  000.028: require('mason-core.installer.registry.util')
126.487  000.246  000.047: require('mason-core.installer.registry')
126.495  000.528  000.049: require('mason-registry.sources.github')
129.287  021.802  012.807: sourcing /home/marty/.config/nvim/after/plugin/lsp.lua
129.416  000.030  000.030: require('lualine_require')
129.606  000.274  000.244: require('lualine')
132.638  000.036  000.036: require('lualine.utils.mode')
132.778  000.030  000.030: require('lualine.extensions.nerdtree')
133.126  003.818  003.477: sourcing /home/marty/.config/nvim/after/plugin/lualine.lua
135.818  002.675  002.675: sourcing /home/marty/.config/nvim/after/plugin/luasnip.lua
135.915  000.024  000.024: require('neorg.callbacks')
135.985  000.041  000.041: require('neorg.external.log')
136.046  000.026  000.026: require('neorg.modules.base')
136.049  000.062  000.035: require('neorg.modules')
136.514  000.463  000.463: require('neorg.external.helpers')
136.517  000.600  000.034: require('neorg.events')
136.673  000.154  000.154: require('neorg.config')
136.676  000.817  000.039: require('neorg')
137.059  000.031  000.031: require('neorg.modules.core.concealer.preset_basic')
137.276  000.030  000.030: require('neorg.modules.core.concealer.preset_varied')
137.494  000.030  000.030: require('neorg.modules.core.concealer.preset_diamond')
137.517  000.802  000.712: require('neorg.modules.core.concealer.module')
137.656  000.133  000.133: require('neorg.modules.core.autocommands.module')
137.735  000.070  000.070: require('neorg.modules.core.integrations.treesitter.module')
137.802  000.062  000.062: require('neorg.modules.core.highlights.module')
138.908  000.044  000.044: require('neorg.modules.core.mode.module')
139.256  000.045  000.045: require('neorg.modules.core.keybinds.keybinds')
139.270  000.353  000.307: require('neorg.modules.core.keybinds.module')
139.321  000.046  000.046: require('neorg.modules.core.neorgcmd.module')
139.366  000.035  000.035: require('neorg.modules.core.neorgcmd.commands.module.list.module')
139.675  000.044  000.044: require('neorg.modules.core.ui.selection_popup')
139.902  000.033  000.033: require('neorg.modules.core.ui.text_popup')
139.941  000.563  000.486: require('neorg.modules.core.ui.module')
140.022  000.038  000.038: require('neorg.modules.core.neorgcmd.commands.module.load.module')
140.061  000.033  000.033: require('neorg.modules.core.neorgcmd.commands.return.module')
140.298  000.038  000.038: require('neorg.modules.core.defaults.module')
140.339  000.033  000.033: require('neorg.modules.core.clipboard.module')
140.390  000.031  000.031: require('neorg.modules.core.clipboard.code-blocks.module')
140.460  000.062  000.062: require('neorg.modules.core.esupports.hop.module')
140.497  000.030  000.030: require('neorg.modules.core.dirman.utils.module')
140.556  000.049  000.049: require('neorg.modules.core.esupports.indent.module')
140.630  000.044  000.044: require('neorg.modules.core.esupports.metagen.module')
140.741  000.042  000.042: require('neorg.modules.core.itero.module')
140.819  000.054  000.054: require('neorg.modules.core.journal.module')
140.878  000.054  000.054: require('neorg.modules.core.dirman.module')
140.948  000.036  000.036: require('neorg.modules.core.storage.module')
141.263  000.043  000.043: require('neorg.modules.core.looking-glass.module')
141.332  000.032  000.032: require('neorg.modules.core.pivot.module')
141.389  000.039  000.039: require('neorg.modules.core.promo.module')
141.454  000.041  000.041: require('neorg.modules.core.qol.toc.module')
141.508  000.045  000.045: require('neorg.modules.core.qol.todo_items.module')
141.566  000.034  000.034: require('neorg.modules.core.tangle.module')
141.625  000.050  000.050: require('neorg.modules.core.upgrade.module')
141.657  000.028  000.028: require('neorg.modules.core.fs.module')
151.646  009.970  009.970: require('neorg.modules.core.completion.module')
151.711  000.045  000.045: require('neorg.modules.core.integrations.nvim-cmp.module')
151.847  000.073  000.073: require('neorg.modules.core.export.markdown.module')
151.911  000.046  000.046: require('neorg.modules.core.export.module')
151.996  000.029  000.029: require('telescope._extensions.neorg.find_linkable')
152.164  000.027  000.027: require('telescope._extensions')
152.166  000.060  000.033: require('telescope')
152.297  000.024  000.024: require('plenary.tbl')
152.299  000.055  000.031: require('plenary.vararg.rotate')
152.300  000.077  000.022: require('plenary.vararg')
152.325  000.024  000.024: require('plenary.errors')
152.327  000.133  000.032: require('plenary.async.async')
152.448  000.025  000.025: require('plenary.async.structs')
152.451  000.060  000.035: require('plenary.async.control')
152.456  000.092  000.032: require('plenary.async.util')
152.457  000.128  000.036: require('plenary.async.tests')
152.458  000.291  000.030: require('plenary.async')
152.632  000.024  000.024: require('telescope.deprecated')
152.724  000.046  000.046: require('telescope.log')
152.802  000.026  000.026: require('telescope.state')
152.807  000.082  000.056: require('telescope.utils')
152.812  000.178  000.051: require('telescope.sorters')
153.835  001.283  001.080: require('telescope.config')
153.896  000.056  000.056: require('telescope.pickers.scroller')
153.931  000.033  000.033: require('telescope.actions.state')
153.963  000.030  000.030: require('telescope.actions.utils')
154.030  000.030  000.030: require('telescope.actions.mt')
154.050  000.085  000.056: require('telescope.actions.set')
154.116  000.033  000.033: require('telescope.config.resolve')
154.118  000.066  000.033: require('telescope.pickers.entry_display')
154.140  000.021  000.021: require('telescope.from_entry')
154.308  001.848  000.273: require('telescope.actions')
154.357  000.046  000.046: require('telescope.debounce')
154.441  000.080  000.080: require('telescope.mappings')
154.479  000.035  000.035: require('telescope.pickers.highlights')
154.509  000.028  000.028: require('telescope.pickers.window')
154.572  000.030  000.030: require('telescope.algos.linked_list')
154.574  000.063  000.033: require('telescope.entry_manager')
154.600  000.025  000.025: require('telescope.pickers.multi')
154.611  002.585  000.108: require('telescope.pickers')
154.711  000.071  000.071: require('telescope.make_entry')
154.738  000.025  000.025: require('telescope.finders.async_static_finder')
154.813  000.021  000.021: require('plenary.class')
154.822  000.058  000.037: require('telescope._')
154.823  000.084  000.026: require('telescope.finders.async_oneshot_finder')
154.850  000.025  000.025: require('telescope.finders.async_job_finder')
154.861  000.248  000.044: require('telescope.finders')
154.864  002.866  000.033: require('telescope._extensions.neorg.find_norg_files')
154.898  000.033  000.033: require('telescope._extensions.neorg.insert_link')
154.934  000.034  000.034: require('telescope._extensions.neorg.insert_file_link')
154.988  000.025  000.025: require('telescope.themes')
154.992  000.056  000.031: require('telescope._extensions.neorg.search_headings')
155.096  000.025  000.025: require('telescope.previewers.previewer')
155.154  000.056  000.056: require('telescope.previewers.term_previewer')
155.251  000.030  000.030: require('telescope.previewers.utils')
155.273  000.117  000.087: require('telescope.previewers.buffer_previewer')
155.276  000.228  000.029: require('telescope.previewers')
155.280  000.258  000.030: require('neorg.telescope_utils')
155.285  000.292  000.033: require('telescope._extensions.neorg.find_project_tasks')
155.320  000.034  000.034: require('telescope._extensions.neorg.find_context_tasks')
155.360  000.038  000.038: require('telescope._extensions.neorg.find_aof_tasks')
155.395  000.034  000.034: require('telescope._extensions.neorg.find_aof_project_tasks')
155.427  000.030  000.030: require('telescope._extensions.neorg.switch_workspace')
155.429  003.500  000.055: require('neorg.modules.core.integrations.telescope.module')
155.482  000.036  000.036: require('telescope._extensions.neorg')
155.537  000.033  000.033: require('neorg.modules.core.summary.module')
155.598  000.037  000.037: require('neorg.modules.core.manoeuvre.module')
155.753  019.916  002.395: sourcing /home/marty/.config/nvim/after/plugin/neorg.lua
155.841  000.022  000.022: require('noice.util.lazy')
155.845  000.055  000.033: require('noice')
155.911  000.031  000.031: require('vim.health')
155.980  000.041  000.041: require('noice.config')
156.048  000.028  000.028: require('noice.util.call')
156.051  000.068  000.040: require('noice.util')
156.053  000.205  000.065: require('noice.health')
156.178  000.029  000.029: require('notify.util.queue')
156.180  000.056  000.028: require('notify.util')
156.240  000.059  000.059: require('notify.config.highlights')
156.242  000.149  000.033: require('notify.config')
156.295  000.022  000.022: require('notify.stages')
156.340  000.043  000.043: require('notify.service.notification')
156.417  000.022  000.022: require('notify.animate.spring')
156.418  000.044  000.022: require('notify.animate')
156.420  000.079  000.034: require('notify.windows')
156.503  000.027  000.027: require('notify.service.buffer.highlights')
156.506  000.060  000.032: require('notify.service.buffer')
156.508  000.086  000.026: require('notify.service')
156.538  000.029  000.029: require('notify.stages.util')
156.539  000.295  000.036: require('notify.instance')
156.541  000.476  000.033: require('notify')
156.590  000.028  000.028: require('notify.stages.fade_in_slide_out')
156.632  000.034  000.034: require('telescope._extensions.notify')
156.641  000.869  000.071: sourcing /home/marty/.config/nvim/after/plugin/noice.lua
156.879  000.023  000.023: require('nvim-tree.notify')
156.883  000.050  000.027: require('nvim-tree.events')
156.957  000.021  000.021: require('nvim-tree.log')
157.017  000.026  000.026: require('nvim-tree.iterators.node-iterator')
157.035  000.077  000.051: require('nvim-tree.utils')
157.099  000.063  000.063: require('nvim-tree.git.utils')
157.129  000.029  000.029: require('nvim-tree.git.runner')
157.160  000.029  000.029: require('nvim-tree.watcher')
157.187  000.026  000.026: require('nvim-tree.explorer.node')
157.190  000.282  000.039: require('nvim-tree.git')
157.216  000.024  000.024: require('nvim-tree.explorer.watch')
157.267  000.024  000.024: require('nvim-tree.explorer.node-builders')
157.295  000.026  000.026: require('nvim-tree.explorer.sorters')
157.322  000.025  000.025: require('nvim-tree.explorer.filters')
157.406  000.050  000.050: require('nvim-tree.view')
157.409  000.086  000.036: require('nvim-tree.live-filter')
157.412  000.194  000.032: require('nvim-tree.explorer.explore')
157.452  000.031  000.031: require('nvim-tree.explorer.reload')
157.453  000.569  000.038: require('nvim-tree.explorer')
157.455  000.644  000.024: require('nvim-tree.core')
157.494  000.037  000.037: require('nvim-tree.diagnostics')
157.542  000.021  000.021: require('nvim-tree.modified')
157.543  000.047  000.026: require('nvim-tree.renderer.components.modified')
157.569  000.024  000.024: require('nvim-tree.renderer.components.padding')
157.595  000.024  000.024: require('nvim-tree.renderer.components.icons')
157.622  000.026  000.026: require('nvim-tree.renderer.components.full-name')
157.658  000.034  000.034: require('nvim-tree.renderer.components.git')
157.699  000.039  000.039: require('nvim-tree.renderer.builder')
157.730  000.029  000.029: require('nvim-tree.marks')
157.733  000.948  000.044: require('nvim-tree.renderer')
157.736  001.002  000.054: require('nvim-tree.lib')
157.767  000.029  000.029: require('nvim-tree.colors')
157.927  000.034  000.034: require('nvim-tree.actions.finders.find-file')
157.929  000.058  000.025: require('nvim-tree.actions.tree.open')
157.954  000.023  000.023: require('nvim-tree.actions.tree.toggle')
157.983  000.026  000.026: require('nvim-tree.actions.reloaders.reloaders')
158.006  000.022  000.022: require('nvim-tree.actions.root.dir-up')
158.045  000.037  000.037: require('nvim-tree.actions.tree.find-file')
158.087  000.039  000.039: require('nvim-tree.actions.finders.search-node')
158.116  000.027  000.027: require('nvim-tree.actions.tree-modifiers.collapse-all')
158.144  000.027  000.027: require('nvim-tree.actions.tree-modifiers.expand-all')
158.171  000.025  000.025: require('nvim-tree.actions.tree-modifiers.toggles')
158.228  000.026  000.026: require('nvim-tree.keymap')
158.230  000.054  000.029: require('nvim-tree.help')
158.263  000.030  000.030: require('nvim-tree.actions.fs.create-file')
158.292  000.028  000.028: require('nvim-tree.actions.fs.remove-file')
158.320  000.027  000.027: require('nvim-tree.actions.fs.trash')
158.350  000.028  000.028: require('nvim-tree.actions.fs.rename-file')
158.386  000.033  000.033: require('nvim-tree.actions.fs.copy-paste')
158.419  000.025  000.025: require('nvim-tree.actions.node.file-popup')
158.443  000.023  000.023: require('nvim-tree.actions.node.run-command')
158.475  000.030  000.030: require('nvim-tree.actions.node.system-open')
158.504  000.026  000.026: require('nvim-tree.actions.moves.sibling')
158.531  000.023  000.023: require('nvim-tree.actions.moves.parent')
158.556  000.023  000.023: require('nvim-tree.actions.moves.item')
158.597  000.028  000.028: require('nvim-tree.marks.bulk-delete')
158.624  000.025  000.025: require('nvim-tree.marks.bulk-move')
158.692  000.033  000.033: require('nvim-tree.actions.node.open-file')
158.694  000.068  000.035: require('nvim-tree.marks.navigation')
158.698  000.860  000.105: require('nvim-tree.api')
158.709  000.915  000.055: require('nvim-tree.keymap-legacy')
158.713  000.945  000.030: require('nvim-tree.commands')
158.743  000.028  000.028: require('nvim-tree.actions.root.change-dir')
158.768  000.023  000.023: require('nvim-tree.legacy')
158.788  002.110  000.083: require('nvim-tree')
158.926  000.028  000.028: require('nvim-tree.actions')
159.214  000.146  000.146: require('nvim-web-devicons')
160.058  003.402  001.118: sourcing /home/marty/.config/nvim/after/plugin/nvim-tree.lua
160.121  000.011  000.011: require('vim.fs')
160.279  000.058  000.058: require('obsidian.command')
160.415  000.338  000.269: sourcing /home/marty/.config/nvim/after/plugin/obsidian.lua
160.803  000.032  000.032: require('nvim-treesitter.highlight')
160.869  000.437  000.405: sourcing /home/marty/.config/nvim/after/plugin/orgmode.lua
160.952  000.028  000.028: require('project_nvim.config')
161.008  000.025  000.025: require('project_nvim.utils.path')
161.013  000.059  000.033: require('project_nvim.utils.history')
161.014  000.115  000.029: require('project_nvim')
161.070  000.030  000.030: require('project_nvim.utils.globtopattern')
161.120  000.034  000.034: require('project_nvim.project')
161.271  000.054  000.054: require('telescope.builtin')
161.277  000.098  000.044: require('telescope._extensions.projects')
161.279  000.395  000.119: sourcing /home/marty/.config/nvim/after/plugin/project.lua
161.493  000.199  000.199: sourcing /home/marty/.config/nvim/after/plugin/ranger.lua
229.474  067.327  067.327: require('telescope._extensions.packer.plugin_list')
229.499  067.393  000.067: require('telescope._extensions.packer')
229.563  000.057  000.057: require('telescope._extensions.env')
229.713  000.040  000.040: require('telescope._extensions.file_browser.utils')
229.741  000.137  000.096: require('telescope._extensions.file_browser.actions')
229.846  000.031  000.031: require('telescope._extensions.file_browser.git')
229.882  000.034  000.034: require('telescope._extensions.file_browser.fs_stat')
229.886  000.106  000.041: require('telescope._extensions.file_browser.make_entry')
229.908  000.166  000.060: require('telescope._extensions.file_browser.finders')
229.945  000.035  000.035: require('telescope._extensions.file_browser.picker')
229.985  000.038  000.038: require('telescope._extensions.file_browser.config')
229.986  000.420  000.045: require('telescope._extensions.file_browser')
230.053  000.029  000.029: require('telescope._extensions.find_pickers.main')
230.054  000.058  000.029: require('telescope._extensions.find_pickers')
231.647  001.562  001.562: require('telescope-glyph')
231.650  001.592  000.031: require('telescope._extensions.glyph')
231.705  000.051  000.051: require('telescope._extensions.luasnip')
231.750  000.042  000.042: require('telescope._extensions.media_files')
231.830  000.023  000.023: require('telescope._extensions.zoxide.utils')
231.834  000.053  000.030: require('telescope._extensions.zoxide.config')
231.865  000.030  000.030: require('telescope._extensions.zoxide.list')
231.866  000.112  000.029: require('telescope._extensions.zoxide')
232.298  070.792  001.067: sourcing /home/marty/.config/nvim/after/plugin/telescope.lua
232.425  000.026  000.026: require('toggleterm.lazy')
232.451  000.024  000.024: require('toggleterm.constants')
232.548  000.095  000.095: require('toggleterm.terminal')
232.555  000.205  000.060: require('toggleterm')
232.664  000.031  000.031: require('toggleterm.colors')
232.699  000.032  000.032: require('toggleterm.utils')
232.702  000.144  000.081: require('toggleterm.config')
233.639  000.047  000.047: require('toggleterm.commandline')
233.741  001.411  001.015: sourcing /home/marty/.config/nvim/after/plugin/toggleterm.lua
236.168  002.410  002.410: sourcing /home/marty/.config/nvim/after/plugin/treesitter.lua
236.316  000.131  000.131: sourcing /home/marty/.config/nvim/after/plugin/trouble.lua
236.601  000.063  000.063: require('which-key.util')
236.604  000.115  000.052: require('which-key.tree')
236.685  000.079  000.079: require('which-key.config')
236.689  000.245  000.051: require('which-key.keys')
236.692  000.301  000.056: require('which-key')
236.845  000.514  000.213: sourcing /home/marty/.config/nvim/after/plugin/whichkey.lua
236.849  001.348: loading after plugins
236.858  000.009: inits 3
238.600  001.742: reading ShaDa
238.829  000.090  000.090: require('luasnip.loaders.from_lua')
238.925  000.068  000.068: require('luasnip.loaders.from_snipmate')
239.358  000.055  000.055: require('nvim-treesitter.indent')
239.611  000.069  000.069: require('nvim-treesitter.locals')
239.780  000.898: opening buffers
242.382  000.163  000.163: require('bufferline.state')
242.534  002.591: BufEnter autocommands
242.536  000.003: editing files in windows
242.629  000.057  000.057: require('mason-core.terminator')
248.689  000.049  000.049: require('mason-core.functional.type')
254.810  000.083  000.083: require('gitsigns.cache')
255.130  000.112  000.112: require('gitsigns.util')
255.205  000.072  000.072: require('gitsigns.subprocess')
255.310  000.102  000.102: require('gitsigns.hunks')
255.358  000.544  000.258: require('gitsigns.git')


times in msec
 clock   self+sourced   self:  sourced script
 clock   elapsed:              other lines

000.005  000.005: --- NVIM STARTING ---
000.086  000.081: event init
000.137  000.051: early init
000.159  000.022: locale set
000.186  000.026: init first window
000.367  000.182: inits 1
000.372  000.004: window checked
000.373  000.002: parsing arguments
000.669  000.035  000.035: require('vim.shared')
000.736  000.028  000.028: require('vim._meta')
000.737  000.064  000.036: require('vim._editor')
000.738  000.129  000.030: require('vim._init_packages')
000.739  000.236: init lua interpreter
001.109  000.370: expanding arguments
001.130  000.021: inits 2
001.276  000.146: init highlight
